<?xml version="1.0" encoding="UTF-8"?>
<testsuite xmlns:xsi="http://www.w3.org/2001/XMLSchema-instance" xsi:noNamespaceSchemaLocation="https://maven.apache.org/surefire/maven-surefire-plugin/xsd/surefire-test-report-3.0.xsd" version="3.0" name="com.smartmove.IntegrationTest" time="4.412" tests="18" errors="0" skipped="0" failures="0">
  <properties>
[...]
</properties>
  <testcase name="testBuilderPattern_DefaultValues" classname="com.smartmove.IntegrationTest" time="0.159">
    <system-err><![CDATA[Mar 18, 2026 12:17:58 AM com.smartmove.audit.AuditLog loadFromFile
INFO: [AuditLog] No existing log file. Starting fresh.
Mar 18, 2026 12:17:58 AM com.smartmove.controller.SmartMoveCentralController <init>
INFO: [Controller] SmartMoveCentralController initialized.
Mar 18, 2026 12:17:58 AM com.smartmove.util.DataSeeder seed
INFO: [DataSeeder] Seeding initial data...
Mar 18, 2026 12:17:58 AM com.smartmove.util.DataSeeder seed
INFO: [DataSeeder] Seeded 13 vehicles and 5 users.
]]></system-err>
  </testcase>
  <testcase name="testBuilderPattern_FluentAPIChaining" classname="com.smartmove.IntegrationTest" time="0.014">
    <system-err><![CDATA[Mar 18, 2026 12:17:58 AM com.smartmove.audit.AuditLog loadFromFile
INFO: [AuditLog] No existing log file. Starting fresh.
Mar 18, 2026 12:17:58 AM com.smartmove.controller.SmartMoveCentralController <init>
INFO: [Controller] SmartMoveCentralController initialized.
Mar 18, 2026 12:17:58 AM com.smartmove.util.DataSeeder seed
INFO: [DataSeeder] Seeding initial data...
Mar 18, 2026 12:17:58 AM com.smartmove.util.DataSeeder seed
INFO: [DataSeeder] Seeded 13 vehicles and 5 users.
]]></system-err>
  </testcase>
  <testcase name="testBuilderPattern_ReuseBuilder" classname="com.smartmove.IntegrationTest" time="0.014">
    <system-err><![CDATA[Mar 18, 2026 12:17:58 AM com.smartmove.audit.AuditLog loadFromFile
INFO: [AuditLog] No existing log file. Starting fresh.
Mar 18, 2026 12:17:58 AM com.smartmove.controller.SmartMoveCentralController <init>
INFO: [Controller] SmartMoveCentralController initialized.
Mar 18, 2026 12:17:58 AM com.smartmove.util.DataSeeder seed
INFO: [DataSeeder] Seeding initial data...
Mar 18, 2026 12:17:58 AM com.smartmove.util.DataSeeder seed
INFO: [DataSeeder] Seeded 13 vehicles and 5 users.
]]></system-err>
  </testcase>
  <testcase name="testAuditChainIntegrity" classname="com.smartmove.IntegrationTest" time="0.119">
    <system-err><![CDATA[Mar 18, 2026 12:17:58 AM com.smartmove.audit.AuditLog loadFromFile
INFO: [AuditLog] No existing log file. Starting fresh.
Mar 18, 2026 12:17:58 AM com.smartmove.controller.SmartMoveCentralController <init>
INFO: [Controller] SmartMoveCentralController initialized.
Mar 18, 2026 12:17:58 AM com.smartmove.util.DataSeeder seed
INFO: [DataSeeder] Seeding initial data...
Mar 18, 2026 12:17:58 AM com.smartmove.util.DataSeeder seed
INFO: [DataSeeder] Seeded 13 vehicles and 5 users.
Mar 18, 2026 12:17:58 AM com.smartmove.controller.SmartMoveCentralController reserveVehicle
INFO: [Controller] Vehicle LON-B002 RESERVED by user Elena Bianchi (rental R1001)
Mar 18, 2026 12:17:58 AM com.smartmove.audit.AuditLog verifyChain
INFO: [AuditLog] Chain integrity verified. Entries: 1
]]></system-err>
  </testcase>
  <testcase name="testBuilderPattern_Rental" classname="com.smartmove.IntegrationTest" time="0.016">
    <system-err><![CDATA[Mar 18, 2026 12:17:58 AM com.smartmove.audit.AuditLog loadFromFile
INFO: [AuditLog] Loaded 1 entries from file.
Mar 18, 2026 12:17:58 AM com.smartmove.controller.SmartMoveCentralController <init>
INFO: [Controller] SmartMoveCentralController initialized.
Mar 18, 2026 12:17:58 AM com.smartmove.util.DataSeeder seed
INFO: [DataSeeder] Seeding initial data...
Mar 18, 2026 12:17:58 AM com.smartmove.util.DataSeeder seed
INFO: [DataSeeder] Seeded 13 vehicles and 5 users.
]]></system-err>
  </testcase>
  <testcase name="runMainDemo" classname="com.smartmove.IntegrationTest" time="3.925">
    <system-err><![CDATA[Mar 18, 2026 12:17:58 AM com.smartmove.audit.AuditLog loadFromFile
INFO: [AuditLog] Loaded 1 entries from file.
Mar 18, 2026 12:17:58 AM com.smartmove.controller.SmartMoveCentralController <init>
INFO: [Controller] SmartMoveCentralController initialized.
Mar 18, 2026 12:17:58 AM com.smartmove.util.DataSeeder seed
INFO: [DataSeeder] Seeding initial data...
Mar 18, 2026 12:17:58 AM com.smartmove.util.DataSeeder seed
INFO: [DataSeeder] Seeded 13 vehicles and 5 users.
Mar 18, 2026 12:17:58 AM com.smartmove.Main printBanner
INFO: ????????????????????????????????????????????????????????????
Mar 18, 2026 12:17:58 AM com.smartmove.Main printBanner
INFO: ?         SmartMove Core Engine — v1.0                     ?
Mar 18, 2026 12:17:58 AM com.smartmove.Main printBanner
INFO: ?  Urban Mobility Platform  |  London · Milan · Rome       ?
Mar 18, 2026 12:17:58 AM com.smartmove.Main printBanner
INFO: ????????????????????????????????????????????????????????????
Mar 18, 2026 12:17:58 AM com.smartmove.audit.AuditLog loadFromFile
INFO: [AuditLog] Loaded 1 entries from file.
Mar 18, 2026 12:17:58 AM com.smartmove.controller.SmartMoveCentralController <init>
INFO: [Controller] SmartMoveCentralController initialized.
Mar 18, 2026 12:17:58 AM com.smartmove.util.DataSeeder seed
INFO: [DataSeeder] Seeding initial data...
Mar 18, 2026 12:17:58 AM com.smartmove.util.DataSeeder seed
INFO: [DataSeeder] Seeded 13 vehicles and 5 users.
Mar 18, 2026 12:17:58 AM com.smartmove.Main main
INFO: 
????????????????????????????????????????????????????????????
  LONDON SCENARIO — Congestion Charge
????????????????????????????????????????????????????????????
Mar 18, 2026 12:17:58 AM com.smartmove.Main londonScenario
INFO: User U001 (Alice) reserves electric scooter LON-ES001 in London
Mar 18, 2026 12:17:58 AM com.smartmove.controller.SmartMoveCentralController reserveVehicle
INFO: [Controller] Vehicle LON-ES001 RESERVED by user Alice Johnson (rental R1001)
Mar 18, 2026 12:17:58 AM com.smartmove.Main londonScenario
INFO:   ? Rental[id=R1001, user=U001, vehicle=LON-ES001, start=2026-03-17T23:17:58.809115800Z, end=null, active=true]
Mar 18, 2026 12:17:58 AM com.smartmove.Main londonScenario
INFO: Alice starts her rental...
Mar 18, 2026 12:17:58 AM com.smartmove.policy.LondonPolicy beforeUnlock
INFO: [LondonPolicy] Pre-unlock check passed for vehicle LON-ES001
Mar 18, 2026 12:17:58 AM com.smartmove.controller.SmartMoveCentralController startRental
INFO: [Controller] Rental R1001 STARTED for vehicle LON-ES001 in London
Mar 18, 2026 12:17:58 AM com.smartmove.Main londonScenario
INFO: Alice ends her trip (congestion charge will be added)...
Mar 18, 2026 12:17:58 AM com.smartmove.policy.LondonPolicy afterTrip
INFO: [LondonPolicy] Applying congestion charge: £3.50
Mar 18, 2026 12:17:58 AM com.smartmove.controller.SmartMoveCentralController endRental
INFO: [Controller] Rental R1001 ENDED. Total: €9.50 (base=6.00 + surcharge=3.50)
Mar 18, 2026 12:17:58 AM com.smartmove.Main londonScenario
INFO:   ? Payment[id=P1001, rental=R1001, base=6.00, surcharges=3.50, total=9.50, desc=Rental R1001 in London + London surcharge]
Mar 18, 2026 12:17:59 AM com.smartmove.Main main
INFO: 
????????????????????????????????????????????????????????????
  MILAN SCENARIO — Helmet Check for Moped
????????????????????????????????????????????????????????????
Mar 18, 2026 12:17:59 AM com.smartmove.Main milanScenario
INFO: User U003 (Carlos) reserves Moped MIL-M001 in Milan
Mar 18, 2026 12:17:59 AM com.smartmove.controller.SmartMoveCentralController reserveVehicle
INFO: [Controller] Vehicle MIL-M001 RESERVED by user Carlos Rossi (rental R1002)
Mar 18, 2026 12:17:59 AM com.smartmove.Main milanScenario
INFO:   ? Rental[id=R1002, user=U003, vehicle=MIL-M001, start=2026-03-17T23:17:59.335725500Z, end=null, active=true]
Mar 18, 2026 12:17:59 AM com.smartmove.Main milanScenario
INFO: Carlos tries to start rental WITHOUT helmet...
Mar 18, 2026 12:17:59 AM com.smartmove.Main milanScenario
INFO:   ? CORRECTLY REJECTED: Pre-unlock policy check failed: Milan policy: Helmet not detected! Moped MIL-M001 cannot be unlocked without confirmed helmet presence.
Mar 18, 2026 12:17:59 AM com.smartmove.Main milanScenario
INFO: Carlos puts on helmet (sensor confirms)...
Mar 18, 2026 12:17:59 AM com.smartmove.Main milanScenario
INFO: Carlos tries again WITH helmet...
Mar 18, 2026 12:17:59 AM com.smartmove.policy.MilanPolicy beforeUnlock
INFO: [MilanPolicy] Helmet confirmed for Moped MIL-M001
Mar 18, 2026 12:17:59 AM com.smartmove.controller.SmartMoveCentralController startRental
INFO: [Controller] Rental R1002 STARTED for vehicle MIL-M001 in Milan
Mar 18, 2026 12:17:59 AM com.smartmove.Main milanScenario
INFO:   ? Rental started successfully!
Mar 18, 2026 12:17:59 AM com.smartmove.policy.MilanPolicy afterTrip
INFO: [MilanPolicy] Base trip cost: 6.00
Mar 18, 2026 12:17:59 AM com.smartmove.controller.SmartMoveCentralController endRental
INFO: [Controller] Rental R1002 ENDED. Total: €6.00 (base=6.00 + surcharge=0.00)
Mar 18, 2026 12:17:59 AM com.smartmove.Main milanScenario
INFO:   ? Payment[id=P1002, rental=R1002, base=6.00, surcharges=0.00, total=6.00, desc=Rental R1002 in Milan]
Mar 18, 2026 12:17:59 AM com.smartmove.Main main
INFO: 
????????????????????????????????????????????????????????????
  ROME SCENARIO – Zone Restrictions for Scooter
????????????????????????????????????????????????????????????
Mar 18, 2026 12:17:59 AM com.smartmove.Main romeScenario
INFO: User U002 (Bob) reserves Scooter ROM-ES002 in Rome
Mar 18, 2026 12:17:59 AM com.smartmove.controller.SmartMoveCentralController reserveVehicle
INFO: [Controller] Vehicle ROM-ES002 RESERVED by user Bob Smith (rental R1003)
Mar 18, 2026 12:17:59 AM com.smartmove.policy.RomePolicy beforeUnlock
INFO: [RomePolicy] Pre-unlock check passed for vehicle ROM-ES002
Mar 18, 2026 12:17:59 AM com.smartmove.controller.SmartMoveCentralController startRental
INFO: [Controller] Rental R1003 STARTED for vehicle ROM-ES002 in Rome
Mar 18, 2026 12:17:59 AM com.smartmove.Main romeScenario
INFO:   ? Bob is riding scooter ROM-ES002 in Rome...
Mar 18, 2026 12:17:59 AM com.smartmove.Main romeScenario
INFO: Checking: scooter heading toward Colosseum area (restricted zone)...
Mar 18, 2026 12:17:59 AM com.smartmove.controller.SmartMoveCentralController lambda$checkGpsAllowed$21
SEVERE: [Controller] GPS violation for ROM-ES002: Rome policy: Vehicle ROM-ES002 is entering restricted ZTL zone ROME_ZTL_CENTRO
Mar 18, 2026 12:17:59 AM com.smartmove.controller.SmartMoveCentralController triggerEmergencyLock
SEVERE: [Controller] EMERGENCY LOCK: vehicle=ROM-ES002 reason=GPS restriction violation: Rome policy: Vehicle ROM-ES002 is entering restricted ZTL zone ROME_ZTL_CENTRO
Mar 18, 2026 12:17:59 AM com.smartmove.Main romeScenario
INFO:   ? GPS check result: BLOCKED — emergency lock applied
Mar 18, 2026 12:17:59 AM com.smartmove.Main romeScenario
INFO:   ? Scooter state after GPS check: EMERGENCY_LOCK (Emergency locked due to safety/security issue)
Mar 18, 2026 12:18:00 AM com.smartmove.Main main
INFO: 
????????????????????????????????????????????????????????????
  TELEMETRY — Critical Temperature & Theft Alarm
????????????????????????????????????????????????????????????
Mar 18, 2026 12:18:00 AM com.smartmove.Main telemetryScenario
INFO: Simulating critical overheating on LON-ES002...
Mar 18, 2026 12:18:00 AM com.smartmove.Main telemetryScenario
INFO: Simulating critically low battery on ROM-B001...
Mar 18, 2026 12:18:00 AM com.smartmove.Main telemetryScenario
INFO: Simulating theft alarm on MIL-B001 (moved 50m without rental)...
Mar 18, 2026 12:18:00 AM com.smartmove.handlers.CriticalTemperatureHandler handle
SEVERE: [CriticalTemperatureHandler] Vehicle LON-ES002 at 75.0°C - triggering emergency lock
Mar 18, 2026 12:18:00 AM com.smartmove.controller.SmartMoveCentralController triggerEmergencyLock
SEVERE: [Controller] EMERGENCY LOCK: vehicle=LON-ES002 reason=Critical temperature: 75.0°C
Mar 18, 2026 12:18:00 AM com.smartmove.handlers.CriticalTemperatureHandler handle
SEVERE: [CriticalTemperatureHandler] Vehicle LON-ES002 at 75.0°C - triggering emergency lock
Mar 18, 2026 12:18:00 AM com.smartmove.handlers.CriticalTemperatureHandler handle
SEVERE: [CriticalTemperatureHandler] Vehicle LON-ES002 at 75.0°C - triggering emergency lock
Mar 18, 2026 12:18:00 AM com.smartmove.handlers.CriticalTemperatureHandler handle
SEVERE: [CriticalTemperatureHandler] Vehicle LON-ES002 at 75.0°C - triggering emergency lock
Mar 18, 2026 12:18:00 AM com.smartmove.handlers.CriticalTemperatureHandler handle
SEVERE: [CriticalTemperatureHandler] Vehicle LON-ES002 at 75.0°C - triggering emergency lock
Mar 18, 2026 12:18:00 AM com.smartmove.handlers.CriticalTemperatureHandler handle
SEVERE: [CriticalTemperatureHandler] Vehicle LON-ES002 at 75.0°C - triggering emergency lock
Mar 18, 2026 12:18:00 AM com.smartmove.handlers.CriticalTemperatureHandler handle
SEVERE: [CriticalTemperatureHandler] Vehicle LON-ES002 at 75.0°C - triggering emergency lock
Mar 18, 2026 12:18:00 AM com.smartmove.handlers.CriticalTemperatureHandler handle
SEVERE: [CriticalTemperatureHandler] Vehicle LON-ES002 at 75.0°C - triggering emergency lock
Mar 18, 2026 12:18:00 AM com.smartmove.handlers.CriticalTemperatureHandler handle
SEVERE: [CriticalTemperatureHandler] Vehicle LON-ES002 at 75.0°C - triggering emergency lock
Mar 18, 2026 12:18:00 AM com.smartmove.handlers.CriticalTemperatureHandler handle
SEVERE: [CriticalTemperatureHandler] Vehicle LON-ES002 at 75.0°C - triggering emergency lock
Mar 18, 2026 12:18:00 AM com.smartmove.handlers.CriticalTemperatureHandler handle
SEVERE: [CriticalTemperatureHandler] Vehicle LON-ES002 at 75.0°C - triggering emergency lock
Mar 18, 2026 12:18:00 AM com.smartmove.handlers.CriticalTemperatureHandler handle
SEVERE: [CriticalTemperatureHandler] Vehicle LON-ES002 at 75.0°C - triggering emergency lock
Mar 18, 2026 12:18:00 AM com.smartmove.handlers.CriticalTemperatureHandler handle
SEVERE: [CriticalTemperatureHandler] Vehicle LON-ES002 at 75.0°C - triggering emergency lock
Mar 18, 2026 12:18:00 AM com.smartmove.handlers.CriticalTemperatureHandler handle
SEVERE: [CriticalTemperatureHandler] Vehicle LON-ES002 at 75.0°C - triggering emergency lock
Mar 18, 2026 12:18:00 AM com.smartmove.handlers.CriticalTemperatureHandler handle
SEVERE: [CriticalTemperatureHandler] Vehicle LON-ES002 at 75.0°C - triggering emergency lock
Mar 18, 2026 12:18:00 AM com.smartmove.handlers.CriticalTemperatureHandler handle
SEVERE: [CriticalTemperatureHandler] Vehicle LON-ES002 at 75.0°C - triggering emergency lock
Mar 18, 2026 12:18:00 AM com.smartmove.handlers.CriticalTemperatureHandler handle
SEVERE: [CriticalTemperatureHandler] Vehicle LON-ES002 at 75.0°C - triggering emergency lock
Mar 18, 2026 12:18:00 AM com.smartmove.handlers.CriticalTemperatureHandler handle
SEVERE: [CriticalTemperatureHandler] Vehicle LON-ES002 at 75.0°C - triggering emergency lock
Mar 18, 2026 12:18:00 AM com.smartmove.handlers.CriticalTemperatureHandler handle
SEVERE: [CriticalTemperatureHandler] Vehicle LON-ES002 at 75.0°C - triggering emergency lock
Mar 18, 2026 12:18:00 AM com.smartmove.handlers.CriticalTemperatureHandler handle
SEVERE: [CriticalTemperatureHandler] Vehicle LON-ES002 at 75.0°C - triggering emergency lock
Mar 18, 2026 12:18:00 AM com.smartmove.handlers.CriticalTemperatureHandler handle
SEVERE: [CriticalTemperatureHandler] Vehicle LON-ES002 at 75.0°C - triggering emergency lock
Mar 18, 2026 12:18:00 AM com.smartmove.handlers.CriticalTemperatureHandler handle
SEVERE: [CriticalTemperatureHandler] Vehicle LON-ES002 at 75.0°C - triggering emergency lock
Mar 18, 2026 12:18:00 AM com.smartmove.handlers.CriticalTemperatureHandler handle
SEVERE: [CriticalTemperatureHandler] Vehicle LON-ES002 at 75.0°C - triggering emergency lock
Mar 18, 2026 12:18:00 AM com.smartmove.handlers.CriticalTemperatureHandler handle
SEVERE: [CriticalTemperatureHandler] Vehicle LON-ES002 at 75.0°C - triggering emergency lock
Mar 18, 2026 12:18:00 AM com.smartmove.handlers.CriticalTemperatureHandler handle
SEVERE: [CriticalTemperatureHandler] Vehicle LON-ES002 at 75.0°C - triggering emergency lock
Mar 18, 2026 12:18:00 AM com.smartmove.handlers.CriticalTemperatureHandler handle
SEVERE: [CriticalTemperatureHandler] Vehicle LON-ES002 at 75.0°C - triggering emergency lock
Mar 18, 2026 12:18:00 AM com.smartmove.handlers.CriticalTemperatureHandler handle
SEVERE: [CriticalTemperatureHandler] Vehicle LON-ES002 at 75.0°C - triggering emergency lock
Mar 18, 2026 12:18:00 AM com.smartmove.handlers.CriticalTemperatureHandler handle
SEVERE: [CriticalTemperatureHandler] Vehicle LON-ES002 at 75.0°C - triggering emergency lock
Mar 18, 2026 12:18:00 AM com.smartmove.handlers.CriticalTemperatureHandler handle
SEVERE: [CriticalTemperatureHandler] Vehicle LON-ES002 at 75.0°C - triggering emergency lock
Mar 18, 2026 12:18:00 AM com.smartmove.handlers.CriticalTemperatureHandler handle
SEVERE: [CriticalTemperatureHandler] Vehicle LON-ES002 at 75.0°C - triggering emergency lock
Mar 18, 2026 12:18:00 AM com.smartmove.handlers.CriticalTemperatureHandler handle
SEVERE: [CriticalTemperatureHandler] Vehicle LON-ES002 at 75.0°C - triggering emergency lock
Mar 18, 2026 12:18:00 AM com.smartmove.handlers.CriticalTemperatureHandler handle
SEVERE: [CriticalTemperatureHandler] Vehicle LON-ES002 at 75.0°C - triggering emergency lock
Mar 18, 2026 12:18:00 AM com.smartmove.handlers.CriticalTemperatureHandler handle
SEVERE: [CriticalTemperatureHandler] Vehicle LON-ES002 at 75.0°C - triggering emergency lock
Mar 18, 2026 12:18:00 AM com.smartmove.handlers.CriticalTemperatureHandler handle
SEVERE: [CriticalTemperatureHandler] Vehicle LON-ES002 at 75.0°C - triggering emergency lock
Mar 18, 2026 12:18:00 AM com.smartmove.handlers.CriticalTemperatureHandler handle
SEVERE: [CriticalTemperatureHandler] Vehicle LON-ES002 at 75.0°C - triggering emergency lock
Mar 18, 2026 12:18:00 AM com.smartmove.handlers.CriticalTemperatureHandler handle
SEVERE: [CriticalTemperatureHandler] Vehicle LON-ES002 at 75.0°C - triggering emergency lock
Mar 18, 2026 12:18:00 AM com.smartmove.handlers.CriticalTemperatureHandler handle
SEVERE: [CriticalTemperatureHandler] Vehicle LON-ES002 at 75.0°C - triggering emergency lock
Mar 18, 2026 12:18:00 AM com.smartmove.handlers.CriticalTemperatureHandler handle
SEVERE: [CriticalTemperatureHandler] Vehicle LON-ES002 at 75.0°C - triggering emergency lock
Mar 18, 2026 12:18:00 AM com.smartmove.handlers.CriticalTemperatureHandler handle
SEVERE: [CriticalTemperatureHandler] Vehicle LON-ES002 at 75.0°C - triggering emergency lock
Mar 18, 2026 12:18:00 AM com.smartmove.handlers.CriticalTemperatureHandler handle
SEVERE: [CriticalTemperatureHandler] Vehicle LON-ES002 at 75.0°C - triggering emergency lock
Mar 18, 2026 12:18:00 AM com.smartmove.handlers.CriticalTemperatureHandler handle
SEVERE: [CriticalTemperatureHandler] Vehicle LON-ES002 at 75.0°C - triggering emergency lock
Mar 18, 2026 12:18:00 AM com.smartmove.handlers.CriticalTemperatureHandler handle
SEVERE: [CriticalTemperatureHandler] Vehicle LON-ES002 at 75.0°C - triggering emergency lock
Mar 18, 2026 12:18:00 AM com.smartmove.handlers.CriticalTemperatureHandler handle
SEVERE: [CriticalTemperatureHandler] Vehicle LON-ES002 at 75.0°C - triggering emergency lock
Mar 18, 2026 12:18:00 AM com.smartmove.handlers.CriticalTemperatureHandler handle
SEVERE: [CriticalTemperatureHandler] Vehicle LON-ES002 at 75.0°C - triggering emergency lock
Mar 18, 2026 12:18:00 AM com.smartmove.handlers.CriticalTemperatureHandler handle
SEVERE: [CriticalTemperatureHandler] Vehicle LON-ES002 at 75.0°C - triggering emergency lock
Mar 18, 2026 12:18:00 AM com.smartmove.handlers.CriticalTemperatureHandler handle
SEVERE: [CriticalTemperatureHandler] Vehicle LON-ES002 at 75.0°C - triggering emergency lock
Mar 18, 2026 12:18:00 AM com.smartmove.handlers.CriticalTemperatureHandler handle
SEVERE: [CriticalTemperatureHandler] Vehicle LON-ES002 at 75.0°C - triggering emergency lock
Mar 18, 2026 12:18:00 AM com.smartmove.handlers.CriticalTemperatureHandler handle
SEVERE: [CriticalTemperatureHandler] Vehicle LON-ES002 at 75.0°C - triggering emergency lock
Mar 18, 2026 12:18:00 AM com.smartmove.handlers.CriticalTemperatureHandler handle
SEVERE: [CriticalTemperatureHandler] Vehicle LON-ES002 at 75.0°C - triggering emergency lock
Mar 18, 2026 12:18:00 AM com.smartmove.handlers.CriticalTemperatureHandler handle
SEVERE: [CriticalTemperatureHandler] Vehicle LON-ES002 at 75.0°C - triggering emergency lock
Mar 18, 2026 12:18:00 AM com.smartmove.handlers.CriticalTemperatureHandler handle
SEVERE: [CriticalTemperatureHandler] Vehicle LON-ES002 at 75.0°C - triggering emergency lock
Mar 18, 2026 12:18:00 AM com.smartmove.handlers.CriticalTemperatureHandler handle
SEVERE: [CriticalTemperatureHandler] Vehicle LON-ES002 at 75.0°C - triggering emergency lock
Mar 18, 2026 12:18:00 AM com.smartmove.handlers.CriticalTemperatureHandler handle
SEVERE: [CriticalTemperatureHandler] Vehicle LON-ES002 at 75.0°C - triggering emergency lock
Mar 18, 2026 12:18:00 AM com.smartmove.handlers.CriticalTemperatureHandler handle
SEVERE: [CriticalTemperatureHandler] Vehicle LON-ES002 at 75.0°C - triggering emergency lock
Mar 18, 2026 12:18:00 AM com.smartmove.handlers.CriticalTemperatureHandler handle
SEVERE: [CriticalTemperatureHandler] Vehicle LON-ES002 at 75.0°C - triggering emergency lock
Mar 18, 2026 12:18:00 AM com.smartmove.handlers.CriticalTemperatureHandler handle
SEVERE: [CriticalTemperatureHandler] Vehicle LON-ES002 at 75.0°C - triggering emergency lock
Mar 18, 2026 12:18:00 AM com.smartmove.handlers.CriticalTemperatureHandler handle
SEVERE: [CriticalTemperatureHandler] Vehicle LON-ES002 at 75.0°C - triggering emergency lock
Mar 18, 2026 12:18:00 AM com.smartmove.handlers.CriticalTemperatureHandler handle
SEVERE: [CriticalTemperatureHandler] Vehicle LON-ES002 at 75.0°C - triggering emergency lock
Mar 18, 2026 12:18:00 AM com.smartmove.handlers.CriticalTemperatureHandler handle
SEVERE: [CriticalTemperatureHandler] Vehicle LON-ES002 at 75.0°C - triggering emergency lock
Mar 18, 2026 12:18:00 AM com.smartmove.handlers.CriticalTemperatureHandler handle
SEVERE: [CriticalTemperatureHandler] Vehicle LON-ES002 at 75.0°C - triggering emergency lock
Mar 18, 2026 12:18:00 AM com.smartmove.handlers.CriticalTemperatureHandler handle
SEVERE: [CriticalTemperatureHandler] Vehicle LON-ES002 at 75.0°C - triggering emergency lock
Mar 18, 2026 12:18:00 AM com.smartmove.handlers.CriticalTemperatureHandler handle
SEVERE: [CriticalTemperatureHandler] Vehicle LON-ES002 at 75.0°C - triggering emergency lock
Mar 18, 2026 12:18:00 AM com.smartmove.handlers.CriticalTemperatureHandler handle
SEVERE: [CriticalTemperatureHandler] Vehicle LON-ES002 at 75.0°C - triggering emergency lock
Mar 18, 2026 12:18:00 AM com.smartmove.handlers.CriticalTemperatureHandler handle
SEVERE: [CriticalTemperatureHandler] Vehicle LON-ES002 at 75.0°C - triggering emergency lock
Mar 18, 2026 12:18:00 AM com.smartmove.handlers.CriticalTemperatureHandler handle
SEVERE: [CriticalTemperatureHandler] Vehicle LON-ES002 at 75.0°C - triggering emergency lock
Mar 18, 2026 12:18:00 AM com.smartmove.handlers.CriticalTemperatureHandler handle
SEVERE: [CriticalTemperatureHandler] Vehicle LON-ES002 at 75.0°C - triggering emergency lock
Mar 18, 2026 12:18:00 AM com.smartmove.handlers.CriticalTemperatureHandler handle
SEVERE: [CriticalTemperatureHandler] Vehicle LON-ES002 at 75.0°C - triggering emergency lock
Mar 18, 2026 12:18:00 AM com.smartmove.handlers.CriticalTemperatureHandler handle
SEVERE: [CriticalTemperatureHandler] Vehicle LON-ES002 at 75.0°C - triggering emergency lock
Mar 18, 2026 12:18:00 AM com.smartmove.handlers.CriticalTemperatureHandler handle
SEVERE: [CriticalTemperatureHandler] Vehicle LON-ES002 at 75.0°C - triggering emergency lock
Mar 18, 2026 12:18:00 AM com.smartmove.handlers.CriticalTemperatureHandler handle
SEVERE: [CriticalTemperatureHandler] Vehicle LON-ES002 at 75.0°C - triggering emergency lock
Mar 18, 2026 12:18:00 AM com.smartmove.handlers.CriticalTemperatureHandler handle
SEVERE: [CriticalTemperatureHandler] Vehicle LON-ES002 at 75.0°C - triggering emergency lock
Mar 18, 2026 12:18:00 AM com.smartmove.handlers.CriticalTemperatureHandler handle
SEVERE: [CriticalTemperatureHandler] Vehicle LON-ES002 at 75.0°C - triggering emergency lock
Mar 18, 2026 12:18:00 AM com.smartmove.handlers.CriticalTemperatureHandler handle
SEVERE: [CriticalTemperatureHandler] Vehicle LON-ES002 at 75.0°C - triggering emergency lock
Mar 18, 2026 12:18:00 AM com.smartmove.handlers.CriticalTemperatureHandler handle
SEVERE: [CriticalTemperatureHandler] Vehicle LON-ES002 at 75.0°C - triggering emergency lock
Mar 18, 2026 12:18:00 AM com.smartmove.handlers.CriticalTemperatureHandler handle
SEVERE: [CriticalTemperatureHandler] Vehicle LON-ES002 at 75.0°C - triggering emergency lock
Mar 18, 2026 12:18:00 AM com.smartmove.handlers.CriticalTemperatureHandler handle
SEVERE: [CriticalTemperatureHandler] Vehicle LON-ES002 at 75.0°C - triggering emergency lock
Mar 18, 2026 12:18:00 AM com.smartmove.handlers.CriticalTemperatureHandler handle
SEVERE: [CriticalTemperatureHandler] Vehicle LON-ES002 at 75.0°C - triggering emergency lock
Mar 18, 2026 12:18:00 AM com.smartmove.handlers.CriticalTemperatureHandler handle
SEVERE: [CriticalTemperatureHandler] Vehicle LON-ES002 at 75.0°C - triggering emergency lock
Mar 18, 2026 12:18:00 AM com.smartmove.handlers.CriticalTemperatureHandler handle
SEVERE: [CriticalTemperatureHandler] Vehicle LON-ES002 at 75.0°C - triggering emergency lock
Mar 18, 2026 12:18:00 AM com.smartmove.handlers.CriticalTemperatureHandler handle
SEVERE: [CriticalTemperatureHandler] Vehicle LON-ES002 at 75.0°C - triggering emergency lock
Mar 18, 2026 12:18:00 AM com.smartmove.handlers.CriticalTemperatureHandler handle
SEVERE: [CriticalTemperatureHandler] Vehicle LON-ES002 at 75.0°C - triggering emergency lock
Mar 18, 2026 12:18:00 AM com.smartmove.handlers.CriticalTemperatureHandler handle
SEVERE: [CriticalTemperatureHandler] Vehicle LON-ES002 at 75.0°C - triggering emergency lock
Mar 18, 2026 12:18:00 AM com.smartmove.handlers.CriticalTemperatureHandler handle
SEVERE: [CriticalTemperatureHandler] Vehicle LON-ES002 at 75.0°C - triggering emergency lock
Mar 18, 2026 12:18:00 AM com.smartmove.handlers.CriticalTemperatureHandler handle
SEVERE: [CriticalTemperatureHandler] Vehicle LON-ES002 at 75.0°C - triggering emergency lock
Mar 18, 2026 12:18:00 AM com.smartmove.handlers.CriticalTemperatureHandler handle
SEVERE: [CriticalTemperatureHandler] Vehicle LON-ES002 at 75.0°C - triggering emergency lock
Mar 18, 2026 12:18:00 AM com.smartmove.handlers.CriticalTemperatureHandler handle
SEVERE: [CriticalTemperatureHandler] Vehicle LON-ES002 at 75.0°C - triggering emergency lock
Mar 18, 2026 12:18:00 AM com.smartmove.handlers.CriticalTemperatureHandler handle
SEVERE: [CriticalTemperatureHandler] Vehicle LON-ES002 at 75.0°C - triggering emergency lock
Mar 18, 2026 12:18:00 AM com.smartmove.handlers.CriticalTemperatureHandler handle
SEVERE: [CriticalTemperatureHandler] Vehicle LON-ES002 at 75.0°C - triggering emergency lock
Mar 18, 2026 12:18:00 AM com.smartmove.handlers.CriticalTemperatureHandler handle
SEVERE: [CriticalTemperatureHandler] Vehicle LON-ES002 at 75.0°C - triggering emergency lock
Mar 18, 2026 12:18:00 AM com.smartmove.handlers.CriticalTemperatureHandler handle
SEVERE: [CriticalTemperatureHandler] Vehicle LON-ES002 at 75.0°C - triggering emergency lock
Mar 18, 2026 12:18:00 AM com.smartmove.handlers.CriticalTemperatureHandler handle
SEVERE: [CriticalTemperatureHandler] Vehicle LON-ES002 at 75.0°C - triggering emergency lock
Mar 18, 2026 12:18:00 AM com.smartmove.handlers.CriticalTemperatureHandler handle
SEVERE: [CriticalTemperatureHandler] Vehicle LON-ES002 at 75.0°C - triggering emergency lock
Mar 18, 2026 12:18:00 AM com.smartmove.handlers.CriticalTemperatureHandler handle
SEVERE: [CriticalTemperatureHandler] Vehicle LON-ES002 at 75.0°C - triggering emergency lock
Mar 18, 2026 12:18:00 AM com.smartmove.handlers.CriticalTemperatureHandler handle
SEVERE: [CriticalTemperatureHandler] Vehicle LON-ES002 at 75.0°C - triggering emergency lock
Mar 18, 2026 12:18:00 AM com.smartmove.handlers.CriticalTemperatureHandler handle
SEVERE: [CriticalTemperatureHandler] Vehicle LON-ES002 at 75.0°C - triggering emergency lock
Mar 18, 2026 12:18:00 AM com.smartmove.handlers.CriticalTemperatureHandler handle
SEVERE: [CriticalTemperatureHandler] Vehicle LON-ES002 at 75.0°C - triggering emergency lock
Mar 18, 2026 12:18:00 AM com.smartmove.handlers.CriticalTemperatureHandler handle
SEVERE: [CriticalTemperatureHandler] Vehicle LON-ES002 at 75.0°C - triggering emergency lock
Mar 18, 2026 12:18:00 AM com.smartmove.handlers.CriticalTemperatureHandler handle
SEVERE: [CriticalTemperatureHandler] Vehicle LON-ES002 at 75.0°C - triggering emergency lock
Mar 18, 2026 12:18:00 AM com.smartmove.handlers.CriticalTemperatureHandler handle
SEVERE: [CriticalTemperatureHandler] Vehicle LON-ES002 at 75.0°C - triggering emergency lock
Mar 18, 2026 12:18:00 AM com.smartmove.handlers.CriticalTemperatureHandler handle
SEVERE: [CriticalTemperatureHandler] Vehicle LON-ES002 at 75.0°C - triggering emergency lock
Mar 18, 2026 12:18:00 AM com.smartmove.handlers.CriticalTemperatureHandler handle
SEVERE: [CriticalTemperatureHandler] Vehicle LON-ES002 at 75.0°C - triggering emergency lock
Mar 18, 2026 12:18:00 AM com.smartmove.handlers.CriticalTemperatureHandler handle
SEVERE: [CriticalTemperatureHandler] Vehicle LON-ES002 at 75.0°C - triggering emergency lock
Mar 18, 2026 12:18:00 AM com.smartmove.handlers.CriticalTemperatureHandler handle
SEVERE: [CriticalTemperatureHandler] Vehicle LON-ES002 at 75.0°C - triggering emergency lock
Mar 18, 2026 12:18:00 AM com.smartmove.handlers.CriticalTemperatureHandler handle
SEVERE: [CriticalTemperatureHandler] Vehicle LON-ES002 at 75.0°C - triggering emergency lock
Mar 18, 2026 12:18:00 AM com.smartmove.handlers.CriticalTemperatureHandler handle
SEVERE: [CriticalTemperatureHandler] Vehicle LON-ES002 at 75.0°C - triggering emergency lock
Mar 18, 2026 12:18:00 AM com.smartmove.handlers.CriticalTemperatureHandler handle
SEVERE: [CriticalTemperatureHandler] Vehicle LON-ES002 at 75.0°C - triggering emergency lock
Mar 18, 2026 12:18:00 AM com.smartmove.handlers.CriticalTemperatureHandler handle
SEVERE: [CriticalTemperatureHandler] Vehicle LON-ES002 at 75.0°C - triggering emergency lock
Mar 18, 2026 12:18:00 AM com.smartmove.handlers.CriticalTemperatureHandler handle
SEVERE: [CriticalTemperatureHandler] Vehicle LON-ES002 at 75.0°C - triggering emergency lock
Mar 18, 2026 12:18:00 AM com.smartmove.handlers.CriticalTemperatureHandler handle
SEVERE: [CriticalTemperatureHandler] Vehicle LON-ES002 at 75.0°C - triggering emergency lock
Mar 18, 2026 12:18:00 AM com.smartmove.handlers.CriticalTemperatureHandler handle
SEVERE: [CriticalTemperatureHandler] Vehicle LON-ES002 at 75.0°C - triggering emergency lock
Mar 18, 2026 12:18:00 AM com.smartmove.handlers.CriticalTemperatureHandler handle
SEVERE: [CriticalTemperatureHandler] Vehicle LON-ES002 at 75.0°C - triggering emergency lock
Mar 18, 2026 12:18:00 AM com.smartmove.handlers.CriticalTemperatureHandler handle
SEVERE: [CriticalTemperatureHandler] Vehicle LON-ES002 at 75.0°C - triggering emergency lock
Mar 18, 2026 12:18:00 AM com.smartmove.handlers.CriticalTemperatureHandler handle
SEVERE: [CriticalTemperatureHandler] Vehicle LON-ES002 at 75.0°C - triggering emergency lock
Mar 18, 2026 12:18:00 AM com.smartmove.handlers.CriticalTemperatureHandler handle
SEVERE: [CriticalTemperatureHandler] Vehicle LON-ES002 at 75.0°C - triggering emergency lock
Mar 18, 2026 12:18:00 AM com.smartmove.handlers.CriticalTemperatureHandler handle
SEVERE: [CriticalTemperatureHandler] Vehicle LON-ES002 at 75.0°C - triggering emergency lock
Mar 18, 2026 12:18:00 AM com.smartmove.handlers.CriticalTemperatureHandler handle
SEVERE: [CriticalTemperatureHandler] Vehicle LON-ES002 at 75.0°C - triggering emergency lock
Mar 18, 2026 12:18:00 AM com.smartmove.handlers.CriticalTemperatureHandler handle
SEVERE: [CriticalTemperatureHandler] Vehicle LON-ES002 at 75.0°C - triggering emergency lock
Mar 18, 2026 12:18:00 AM com.smartmove.handlers.CriticalTemperatureHandler handle
SEVERE: [CriticalTemperatureHandler] Vehicle LON-ES002 at 75.0°C - triggering emergency lock
Mar 18, 2026 12:18:00 AM com.smartmove.handlers.CriticalTemperatureHandler handle
SEVERE: [CriticalTemperatureHandler] Vehicle LON-ES002 at 75.0°C - triggering emergency lock
Mar 18, 2026 12:18:00 AM com.smartmove.handlers.CriticalTemperatureHandler handle
SEVERE: [CriticalTemperatureHandler] Vehicle LON-ES002 at 75.0°C - triggering emergency lock
Mar 18, 2026 12:18:00 AM com.smartmove.handlers.CriticalTemperatureHandler handle
SEVERE: [CriticalTemperatureHandler] Vehicle LON-ES002 at 75.0°C - triggering emergency lock
Mar 18, 2026 12:18:00 AM com.smartmove.handlers.CriticalTemperatureHandler handle
SEVERE: [CriticalTemperatureHandler] Vehicle LON-ES002 at 75.0°C - triggering emergency lock
Mar 18, 2026 12:18:00 AM com.smartmove.handlers.CriticalTemperatureHandler handle
SEVERE: [CriticalTemperatureHandler] Vehicle LON-ES002 at 75.0°C - triggering emergency lock
Mar 18, 2026 12:18:00 AM com.smartmove.handlers.CriticalTemperatureHandler handle
SEVERE: [CriticalTemperatureHandler] Vehicle LON-ES002 at 75.0°C - triggering emergency lock
Mar 18, 2026 12:18:00 AM com.smartmove.handlers.CriticalTemperatureHandler handle
SEVERE: [CriticalTemperatureHandler] Vehicle LON-ES002 at 75.0°C - triggering emergency lock
Mar 18, 2026 12:18:00 AM com.smartmove.handlers.CriticalTemperatureHandler handle
SEVERE: [CriticalTemperatureHandler] Vehicle LON-ES002 at 75.0°C - triggering emergency lock
Mar 18, 2026 12:18:00 AM com.smartmove.handlers.CriticalTemperatureHandler handle
SEVERE: [CriticalTemperatureHandler] Vehicle LON-ES002 at 75.0°C - triggering emergency lock
Mar 18, 2026 12:18:00 AM com.smartmove.handlers.CriticalTemperatureHandler handle
SEVERE: [CriticalTemperatureHandler] Vehicle LON-ES002 at 75.0°C - triggering emergency lock
Mar 18, 2026 12:18:00 AM com.smartmove.handlers.CriticalTemperatureHandler handle
SEVERE: [CriticalTemperatureHandler] Vehicle LON-ES002 at 75.0°C - triggering emergency lock
Mar 18, 2026 12:18:00 AM com.smartmove.handlers.CriticalTemperatureHandler handle
SEVERE: [CriticalTemperatureHandler] Vehicle LON-ES002 at 75.0°C - triggering emergency lock
Mar 18, 2026 12:18:00 AM com.smartmove.handlers.CriticalTemperatureHandler handle
SEVERE: [CriticalTemperatureHandler] Vehicle LON-ES002 at 75.0°C - triggering emergency lock
Mar 18, 2026 12:18:00 AM com.smartmove.handlers.CriticalTemperatureHandler handle
SEVERE: [CriticalTemperatureHandler] Vehicle LON-ES002 at 75.0°C - triggering emergency lock
Mar 18, 2026 12:18:00 AM com.smartmove.handlers.CriticalTemperatureHandler handle
SEVERE: [CriticalTemperatureHandler] Vehicle LON-ES002 at 75.0°C - triggering emergency lock
Mar 18, 2026 12:18:00 AM com.smartmove.handlers.CriticalTemperatureHandler handle
SEVERE: [CriticalTemperatureHandler] Vehicle LON-ES002 at 75.0°C - triggering emergency lock
Mar 18, 2026 12:18:00 AM com.smartmove.handlers.CriticalTemperatureHandler handle
SEVERE: [CriticalTemperatureHandler] Vehicle LON-ES002 at 75.0°C - triggering emergency lock
Mar 18, 2026 12:18:00 AM com.smartmove.handlers.CriticalTemperatureHandler handle
SEVERE: [CriticalTemperatureHandler] Vehicle LON-ES002 at 75.0°C - triggering emergency lock
Mar 18, 2026 12:18:00 AM com.smartmove.handlers.CriticalTemperatureHandler handle
SEVERE: [CriticalTemperatureHandler] Vehicle LON-ES002 at 75.0°C - triggering emergency lock
Mar 18, 2026 12:18:00 AM com.smartmove.handlers.CriticalTemperatureHandler handle
SEVERE: [CriticalTemperatureHandler] Vehicle LON-ES002 at 75.0°C - triggering emergency lock
Mar 18, 2026 12:18:00 AM com.smartmove.handlers.CriticalTemperatureHandler handle
SEVERE: [CriticalTemperatureHandler] Vehicle LON-ES002 at 75.0°C - triggering emergency lock
Mar 18, 2026 12:18:00 AM com.smartmove.handlers.CriticalTemperatureHandler handle
SEVERE: [CriticalTemperatureHandler] Vehicle LON-ES002 at 75.0°C - triggering emergency lock
Mar 18, 2026 12:18:00 AM com.smartmove.handlers.CriticalTemperatureHandler handle
SEVERE: [CriticalTemperatureHandler] Vehicle LON-ES002 at 75.0°C - triggering emergency lock
Mar 18, 2026 12:18:00 AM com.smartmove.handlers.CriticalTemperatureHandler handle
SEVERE: [CriticalTemperatureHandler] Vehicle LON-ES002 at 75.0°C - triggering emergency lock
Mar 18, 2026 12:18:00 AM com.smartmove.handlers.CriticalTemperatureHandler handle
SEVERE: [CriticalTemperatureHandler] Vehicle LON-ES002 at 75.0°C - triggering emergency lock
Mar 18, 2026 12:18:00 AM com.smartmove.handlers.CriticalTemperatureHandler handle
SEVERE: [CriticalTemperatureHandler] Vehicle LON-ES002 at 75.0°C - triggering emergency lock
Mar 18, 2026 12:18:00 AM com.smartmove.handlers.CriticalTemperatureHandler handle
SEVERE: [CriticalTemperatureHandler] Vehicle LON-ES002 at 75.0°C - triggering emergency lock
Mar 18, 2026 12:18:00 AM com.smartmove.handlers.CriticalTemperatureHandler handle
SEVERE: [CriticalTemperatureHandler] Vehicle LON-ES002 at 75.0°C - triggering emergency lock
Mar 18, 2026 12:18:00 AM com.smartmove.handlers.CriticalTemperatureHandler handle
SEVERE: [CriticalTemperatureHandler] Vehicle LON-ES002 at 75.0°C - triggering emergency lock
Mar 18, 2026 12:18:00 AM com.smartmove.handlers.CriticalTemperatureHandler handle
SEVERE: [CriticalTemperatureHandler] Vehicle LON-ES002 at 75.0°C - triggering emergency lock
Mar 18, 2026 12:18:00 AM com.smartmove.handlers.CriticalTemperatureHandler handle
SEVERE: [CriticalTemperatureHandler] Vehicle LON-ES002 at 75.0°C - triggering emergency lock
Mar 18, 2026 12:18:00 AM com.smartmove.handlers.CriticalTemperatureHandler handle
SEVERE: [CriticalTemperatureHandler] Vehicle LON-ES002 at 75.0°C - triggering emergency lock
Mar 18, 2026 12:18:00 AM com.smartmove.handlers.CriticalTemperatureHandler handle
SEVERE: [CriticalTemperatureHandler] Vehicle LON-ES002 at 75.0°C - triggering emergency lock
Mar 18, 2026 12:18:00 AM com.smartmove.handlers.CriticalTemperatureHandler handle
SEVERE: [CriticalTemperatureHandler] Vehicle LON-ES002 at 75.0°C - triggering emergency lock
Mar 18, 2026 12:18:00 AM com.smartmove.handlers.CriticalTemperatureHandler handle
SEVERE: [CriticalTemperatureHandler] Vehicle LON-ES002 at 75.0°C - triggering emergency lock
Mar 18, 2026 12:18:00 AM com.smartmove.handlers.CriticalTemperatureHandler handle
SEVERE: [CriticalTemperatureHandler] Vehicle LON-ES002 at 75.0°C - triggering emergency lock
Mar 18, 2026 12:18:00 AM com.smartmove.handlers.CriticalTemperatureHandler handle
SEVERE: [CriticalTemperatureHandler] Vehicle LON-ES002 at 75.0°C - triggering emergency lock
Mar 18, 2026 12:18:00 AM com.smartmove.handlers.CriticalTemperatureHandler handle
SEVERE: [CriticalTemperatureHandler] Vehicle LON-ES002 at 75.0°C - triggering emergency lock
Mar 18, 2026 12:18:00 AM com.smartmove.handlers.CriticalTemperatureHandler handle
SEVERE: [CriticalTemperatureHandler] Vehicle LON-ES002 at 75.0°C - triggering emergency lock
Mar 18, 2026 12:18:00 AM com.smartmove.handlers.CriticalTemperatureHandler handle
SEVERE: [CriticalTemperatureHandler] Vehicle LON-ES002 at 75.0°C - triggering emergency lock
Mar 18, 2026 12:18:00 AM com.smartmove.handlers.CriticalTemperatureHandler handle
SEVERE: [CriticalTemperatureHandler] Vehicle LON-ES002 at 75.0°C - triggering emergency lock
Mar 18, 2026 12:18:00 AM com.smartmove.handlers.CriticalTemperatureHandler handle
SEVERE: [CriticalTemperatureHandler] Vehicle LON-ES002 at 75.0°C - triggering emergency lock
Mar 18, 2026 12:18:00 AM com.smartmove.handlers.CriticalTemperatureHandler handle
SEVERE: [CriticalTemperatureHandler] Vehicle LON-ES002 at 75.0°C - triggering emergency lock
Mar 18, 2026 12:18:00 AM com.smartmove.handlers.CriticalTemperatureHandler handle
SEVERE: [CriticalTemperatureHandler] Vehicle LON-ES002 at 75.0°C - triggering emergency lock
Mar 18, 2026 12:18:00 AM com.smartmove.handlers.CriticalTemperatureHandler handle
SEVERE: [CriticalTemperatureHandler] Vehicle LON-ES002 at 75.0°C - triggering emergency lock
Mar 18, 2026 12:18:00 AM com.smartmove.handlers.CriticalTemperatureHandler handle
SEVERE: [CriticalTemperatureHandler] Vehicle LON-ES002 at 75.0°C - triggering emergency lock
Mar 18, 2026 12:18:00 AM com.smartmove.handlers.CriticalTemperatureHandler handle
SEVERE: [CriticalTemperatureHandler] Vehicle LON-ES002 at 75.0°C - triggering emergency lock
Mar 18, 2026 12:18:00 AM com.smartmove.handlers.CriticalTemperatureHandler handle
SEVERE: [CriticalTemperatureHandler] Vehicle LON-ES002 at 75.0°C - triggering emergency lock
Mar 18, 2026 12:18:00 AM com.smartmove.handlers.CriticalTemperatureHandler handle
SEVERE: [CriticalTemperatureHandler] Vehicle LON-ES002 at 75.0°C - triggering emergency lock
Mar 18, 2026 12:18:00 AM com.smartmove.handlers.CriticalTemperatureHandler handle
SEVERE: [CriticalTemperatureHandler] Vehicle LON-ES002 at 75.0°C - triggering emergency lock
Mar 18, 2026 12:18:00 AM com.smartmove.handlers.CriticalTemperatureHandler handle
SEVERE: [CriticalTemperatureHandler] Vehicle LON-ES002 at 75.0°C - triggering emergency lock
Mar 18, 2026 12:18:00 AM com.smartmove.handlers.CriticalTemperatureHandler handle
SEVERE: [CriticalTemperatureHandler] Vehicle LON-ES002 at 75.0°C - triggering emergency lock
Mar 18, 2026 12:18:00 AM com.smartmove.handlers.CriticalTemperatureHandler handle
SEVERE: [CriticalTemperatureHandler] Vehicle LON-ES002 at 75.0°C - triggering emergency lock
Mar 18, 2026 12:18:00 AM com.smartmove.handlers.CriticalTemperatureHandler handle
SEVERE: [CriticalTemperatureHandler] Vehicle LON-ES002 at 75.0°C - triggering emergency lock
Mar 18, 2026 12:18:00 AM com.smartmove.handlers.CriticalTemperatureHandler handle
SEVERE: [CriticalTemperatureHandler] Vehicle LON-ES002 at 75.0°C - triggering emergency lock
Mar 18, 2026 12:18:00 AM com.smartmove.handlers.CriticalTemperatureHandler handle
SEVERE: [CriticalTemperatureHandler] Vehicle LON-ES002 at 75.0°C - triggering emergency lock
Mar 18, 2026 12:18:00 AM com.smartmove.handlers.CriticalTemperatureHandler handle
SEVERE: [CriticalTemperatureHandler] Vehicle LON-ES002 at 75.0°C - triggering emergency lock
Mar 18, 2026 12:18:00 AM com.smartmove.handlers.CriticalTemperatureHandler handle
SEVERE: [CriticalTemperatureHandler] Vehicle LON-ES002 at 75.0°C - triggering emergency lock
Mar 18, 2026 12:18:00 AM com.smartmove.handlers.CriticalTemperatureHandler handle
SEVERE: [CriticalTemperatureHandler] Vehicle LON-ES002 at 75.0°C - triggering emergency lock
Mar 18, 2026 12:18:00 AM com.smartmove.handlers.CriticalTemperatureHandler handle
SEVERE: [CriticalTemperatureHandler] Vehicle LON-ES002 at 75.0°C - triggering emergency lock
Mar 18, 2026 12:18:00 AM com.smartmove.handlers.CriticalTemperatureHandler handle
SEVERE: [CriticalTemperatureHandler] Vehicle LON-ES002 at 75.0°C - triggering emergency lock
Mar 18, 2026 12:18:00 AM com.smartmove.handlers.CriticalTemperatureHandler handle
SEVERE: [CriticalTemperatureHandler] Vehicle LON-ES002 at 75.0°C - triggering emergency lock
Mar 18, 2026 12:18:00 AM com.smartmove.handlers.CriticalTemperatureHandler handle
SEVERE: [CriticalTemperatureHandler] Vehicle LON-ES002 at 75.0°C - triggering emergency lock
Mar 18, 2026 12:18:00 AM com.smartmove.handlers.CriticalTemperatureHandler handle
SEVERE: [CriticalTemperatureHandler] Vehicle LON-ES002 at 75.0°C - triggering emergency lock
Mar 18, 2026 12:18:00 AM com.smartmove.handlers.CriticalTemperatureHandler handle
SEVERE: [CriticalTemperatureHandler] Vehicle LON-ES002 at 75.0°C - triggering emergency lock
Mar 18, 2026 12:18:00 AM com.smartmove.handlers.CriticalTemperatureHandler handle
SEVERE: [CriticalTemperatureHandler] Vehicle LON-ES002 at 75.0°C - triggering emergency lock
Mar 18, 2026 12:18:00 AM com.smartmove.handlers.CriticalTemperatureHandler handle
SEVERE: [CriticalTemperatureHandler] Vehicle LON-ES002 at 75.0°C - triggering emergency lock
Mar 18, 2026 12:18:00 AM com.smartmove.handlers.CriticalTemperatureHandler handle
SEVERE: [CriticalTemperatureHandler] Vehicle LON-ES002 at 75.0°C - triggering emergency lock
Mar 18, 2026 12:18:00 AM com.smartmove.handlers.CriticalTemperatureHandler handle
SEVERE: [CriticalTemperatureHandler] Vehicle LON-ES002 at 75.0°C - triggering emergency lock
Mar 18, 2026 12:18:00 AM com.smartmove.handlers.CriticalTemperatureHandler handle
SEVERE: [CriticalTemperatureHandler] Vehicle LON-ES002 at 75.0°C - triggering emergency lock
Mar 18, 2026 12:18:00 AM com.smartmove.handlers.CriticalTemperatureHandler handle
SEVERE: [CriticalTemperatureHandler] Vehicle LON-ES002 at 75.0°C - triggering emergency lock
Mar 18, 2026 12:18:00 AM com.smartmove.handlers.CriticalTemperatureHandler handle
SEVERE: [CriticalTemperatureHandler] Vehicle LON-ES002 at 75.0°C - triggering emergency lock
Mar 18, 2026 12:18:00 AM com.smartmove.handlers.CriticalTemperatureHandler handle
SEVERE: [CriticalTemperatureHandler] Vehicle LON-ES002 at 75.0°C - triggering emergency lock
Mar 18, 2026 12:18:00 AM com.smartmove.handlers.CriticalTemperatureHandler handle
SEVERE: [CriticalTemperatureHandler] Vehicle LON-ES002 at 75.0°C - triggering emergency lock
Mar 18, 2026 12:18:00 AM com.smartmove.handlers.CriticalTemperatureHandler handle
SEVERE: [CriticalTemperatureHandler] Vehicle LON-ES002 at 75.0°C - triggering emergency lock
Mar 18, 2026 12:18:00 AM com.smartmove.handlers.CriticalTemperatureHandler handle
SEVERE: [CriticalTemperatureHandler] Vehicle LON-ES002 at 75.0°C - triggering emergency lock
Mar 18, 2026 12:18:00 AM com.smartmove.handlers.CriticalTemperatureHandler handle
SEVERE: [CriticalTemperatureHandler] Vehicle LON-ES002 at 75.0°C - triggering emergency lock
Mar 18, 2026 12:18:00 AM com.smartmove.handlers.CriticalTemperatureHandler handle
SEVERE: [CriticalTemperatureHandler] Vehicle LON-ES002 at 75.0°C - triggering emergency lock
Mar 18, 2026 12:18:00 AM com.smartmove.handlers.CriticalTemperatureHandler handle
SEVERE: [CriticalTemperatureHandler] Vehicle LON-ES002 at 75.0°C - triggering emergency lock
Mar 18, 2026 12:18:00 AM com.smartmove.handlers.CriticalTemperatureHandler handle
SEVERE: [CriticalTemperatureHandler] Vehicle LON-ES002 at 75.0°C - triggering emergency lock
Mar 18, 2026 12:18:00 AM com.smartmove.handlers.CriticalTemperatureHandler handle
SEVERE: [CriticalTemperatureHandler] Vehicle LON-ES002 at 75.0°C - triggering emergency lock
Mar 18, 2026 12:18:00 AM com.smartmove.handlers.CriticalTemperatureHandler handle
SEVERE: [CriticalTemperatureHandler] Vehicle LON-ES002 at 75.0°C - triggering emergency lock
Mar 18, 2026 12:18:00 AM com.smartmove.handlers.CriticalTemperatureHandler handle
SEVERE: [CriticalTemperatureHandler] Vehicle LON-ES002 at 75.0°C - triggering emergency lock
Mar 18, 2026 12:18:00 AM com.smartmove.handlers.CriticalTemperatureHandler handle
SEVERE: [CriticalTemperatureHandler] Vehicle LON-ES002 at 75.0°C - triggering emergency lock
Mar 18, 2026 12:18:00 AM com.smartmove.handlers.CriticalTemperatureHandler handle
SEVERE: [CriticalTemperatureHandler] Vehicle LON-ES002 at 75.0°C - triggering emergency lock
Mar 18, 2026 12:18:00 AM com.smartmove.handlers.CriticalTemperatureHandler handle
SEVERE: [CriticalTemperatureHandler] Vehicle LON-ES002 at 75.0°C - triggering emergency lock
Mar 18, 2026 12:18:00 AM com.smartmove.handlers.CriticalTemperatureHandler handle
SEVERE: [CriticalTemperatureHandler] Vehicle LON-ES002 at 75.0°C - triggering emergency lock
Mar 18, 2026 12:18:00 AM com.smartmove.handlers.CriticalTemperatureHandler handle
SEVERE: [CriticalTemperatureHandler] Vehicle LON-ES002 at 75.0°C - triggering emergency lock
Mar 18, 2026 12:18:00 AM com.smartmove.handlers.CriticalTemperatureHandler handle
SEVERE: [CriticalTemperatureHandler] Vehicle LON-ES002 at 75.0°C - triggering emergency lock
Mar 18, 2026 12:18:00 AM com.smartmove.handlers.CriticalTemperatureHandler handle
SEVERE: [CriticalTemperatureHandler] Vehicle LON-ES002 at 75.0°C - triggering emergency lock
Mar 18, 2026 12:18:00 AM com.smartmove.handlers.CriticalTemperatureHandler handle
SEVERE: [CriticalTemperatureHandler] Vehicle LON-ES002 at 75.0°C - triggering emergency lock
Mar 18, 2026 12:18:00 AM com.smartmove.handlers.CriticalTemperatureHandler handle
SEVERE: [CriticalTemperatureHandler] Vehicle LON-ES002 at 75.0°C - triggering emergency lock
Mar 18, 2026 12:18:00 AM com.smartmove.handlers.CriticalTemperatureHandler handle
SEVERE: [CriticalTemperatureHandler] Vehicle LON-ES002 at 75.0°C - triggering emergency lock
Mar 18, 2026 12:18:00 AM com.smartmove.handlers.CriticalTemperatureHandler handle
SEVERE: [CriticalTemperatureHandler] Vehicle LON-ES002 at 75.0°C - triggering emergency lock
Mar 18, 2026 12:18:00 AM com.smartmove.handlers.CriticalTemperatureHandler handle
SEVERE: [CriticalTemperatureHandler] Vehicle LON-ES002 at 75.0°C - triggering emergency lock
Mar 18, 2026 12:18:00 AM com.smartmove.handlers.CriticalTemperatureHandler handle
SEVERE: [CriticalTemperatureHandler] Vehicle LON-ES002 at 75.0°C - triggering emergency lock
Mar 18, 2026 12:18:00 AM com.smartmove.handlers.CriticalTemperatureHandler handle
SEVERE: [CriticalTemperatureHandler] Vehicle LON-ES002 at 75.0°C - triggering emergency lock
Mar 18, 2026 12:18:00 AM com.smartmove.handlers.CriticalTemperatureHandler handle
SEVERE: [CriticalTemperatureHandler] Vehicle LON-ES002 at 75.0°C - triggering emergency lock
Mar 18, 2026 12:18:00 AM com.smartmove.handlers.CriticalTemperatureHandler handle
SEVERE: [CriticalTemperatureHandler] Vehicle LON-ES002 at 75.0°C - triggering emergency lock
Mar 18, 2026 12:18:00 AM com.smartmove.handlers.CriticalTemperatureHandler handle
SEVERE: [CriticalTemperatureHandler] Vehicle LON-ES002 at 75.0°C - triggering emergency lock
Mar 18, 2026 12:18:00 AM com.smartmove.handlers.CriticalTemperatureHandler handle
SEVERE: [CriticalTemperatureHandler] Vehicle LON-ES002 at 75.0°C - triggering emergency lock
Mar 18, 2026 12:18:00 AM com.smartmove.handlers.CriticalTemperatureHandler handle
SEVERE: [CriticalTemperatureHandler] Vehicle LON-ES002 at 75.0°C - triggering emergency lock
Mar 18, 2026 12:18:00 AM com.smartmove.handlers.CriticalTemperatureHandler handle
SEVERE: [CriticalTemperatureHandler] Vehicle LON-ES002 at 75.0°C - triggering emergency lock
Mar 18, 2026 12:18:00 AM com.smartmove.handlers.CriticalTemperatureHandler handle
SEVERE: [CriticalTemperatureHandler] Vehicle LON-ES002 at 75.0°C - triggering emergency lock
Mar 18, 2026 12:18:00 AM com.smartmove.handlers.CriticalTemperatureHandler handle
SEVERE: [CriticalTemperatureHandler] Vehicle LON-ES002 at 75.0°C - triggering emergency lock
Mar 18, 2026 12:18:00 AM com.smartmove.handlers.CriticalTemperatureHandler handle
SEVERE: [CriticalTemperatureHandler] Vehicle LON-ES002 at 75.0°C - triggering emergency lock
Mar 18, 2026 12:18:00 AM com.smartmove.handlers.CriticalTemperatureHandler handle
SEVERE: [CriticalTemperatureHandler] Vehicle LON-ES002 at 75.0°C - triggering emergency lock
Mar 18, 2026 12:18:00 AM com.smartmove.handlers.CriticalTemperatureHandler handle
SEVERE: [CriticalTemperatureHandler] Vehicle LON-ES002 at 75.0°C - triggering emergency lock
Mar 18, 2026 12:18:00 AM com.smartmove.handlers.CriticalTemperatureHandler handle
SEVERE: [CriticalTemperatureHandler] Vehicle LON-ES002 at 75.0°C - triggering emergency lock
Mar 18, 2026 12:18:00 AM com.smartmove.handlers.CriticalTemperatureHandler handle
SEVERE: [CriticalTemperatureHandler] Vehicle LON-ES002 at 75.0°C - triggering emergency lock
Mar 18, 2026 12:18:00 AM com.smartmove.handlers.CriticalTemperatureHandler handle
SEVERE: [CriticalTemperatureHandler] Vehicle LON-ES002 at 75.0°C - triggering emergency lock
Mar 18, 2026 12:18:00 AM com.smartmove.handlers.CriticalTemperatureHandler handle
SEVERE: [CriticalTemperatureHandler] Vehicle LON-ES002 at 75.0°C - triggering emergency lock
Mar 18, 2026 12:18:00 AM com.smartmove.handlers.CriticalTemperatureHandler handle
SEVERE: [CriticalTemperatureHandler] Vehicle LON-ES002 at 75.0°C - triggering emergency lock
Mar 18, 2026 12:18:00 AM com.smartmove.handlers.CriticalTemperatureHandler handle
SEVERE: [CriticalTemperatureHandler] Vehicle LON-ES002 at 75.0°C - triggering emergency lock
Mar 18, 2026 12:18:00 AM com.smartmove.handlers.CriticalTemperatureHandler handle
SEVERE: [CriticalTemperatureHandler] Vehicle LON-ES002 at 75.0°C - triggering emergency lock
Mar 18, 2026 12:18:00 AM com.smartmove.handlers.CriticalTemperatureHandler handle
SEVERE: [CriticalTemperatureHandler] Vehicle LON-ES002 at 75.0°C - triggering emergency lock
Mar 18, 2026 12:18:00 AM com.smartmove.handlers.CriticalTemperatureHandler handle
SEVERE: [CriticalTemperatureHandler] Vehicle LON-ES002 at 75.0°C - triggering emergency lock
Mar 18, 2026 12:18:00 AM com.smartmove.handlers.CriticalTemperatureHandler handle
SEVERE: [CriticalTemperatureHandler] Vehicle LON-ES002 at 75.0°C - triggering emergency lock
Mar 18, 2026 12:18:00 AM com.smartmove.handlers.CriticalTemperatureHandler handle
SEVERE: [CriticalTemperatureHandler] Vehicle LON-ES002 at 75.0°C - triggering emergency lock
Mar 18, 2026 12:18:00 AM com.smartmove.handlers.CriticalTemperatureHandler handle
SEVERE: [CriticalTemperatureHandler] Vehicle LON-ES002 at 75.0°C - triggering emergency lock
Mar 18, 2026 12:18:00 AM com.smartmove.handlers.CriticalTemperatureHandler handle
SEVERE: [CriticalTemperatureHandler] Vehicle LON-ES002 at 75.0°C - triggering emergency lock
Mar 18, 2026 12:18:00 AM com.smartmove.handlers.CriticalTemperatureHandler handle
SEVERE: [CriticalTemperatureHandler] Vehicle LON-ES002 at 75.0°C - triggering emergency lock
Mar 18, 2026 12:18:00 AM com.smartmove.handlers.CriticalTemperatureHandler handle
SEVERE: [CriticalTemperatureHandler] Vehicle LON-ES002 at 75.0°C - triggering emergency lock
Mar 18, 2026 12:18:00 AM com.smartmove.handlers.CriticalTemperatureHandler handle
SEVERE: [CriticalTemperatureHandler] Vehicle LON-ES002 at 75.0°C - triggering emergency lock
Mar 18, 2026 12:18:00 AM com.smartmove.handlers.CriticalTemperatureHandler handle
SEVERE: [CriticalTemperatureHandler] Vehicle LON-ES002 at 75.0°C - triggering emergency lock
Mar 18, 2026 12:18:00 AM com.smartmove.handlers.CriticalTemperatureHandler handle
SEVERE: [CriticalTemperatureHandler] Vehicle LON-ES002 at 75.0°C - triggering emergency lock
Mar 18, 2026 12:18:00 AM com.smartmove.handlers.CriticalTemperatureHandler handle
SEVERE: [CriticalTemperatureHandler] Vehicle LON-ES002 at 75.0°C - triggering emergency lock
Mar 18, 2026 12:18:00 AM com.smartmove.handlers.CriticalTemperatureHandler handle
SEVERE: [CriticalTemperatureHandler] Vehicle LON-ES002 at 75.0°C - triggering emergency lock
Mar 18, 2026 12:18:00 AM com.smartmove.handlers.CriticalTemperatureHandler handle
SEVERE: [CriticalTemperatureHandler] Vehicle LON-ES002 at 75.0°C - triggering emergency lock
Mar 18, 2026 12:18:00 AM com.smartmove.handlers.CriticalTemperatureHandler handle
SEVERE: [CriticalTemperatureHandler] Vehicle LON-ES002 at 75.0°C - triggering emergency lock
Mar 18, 2026 12:18:00 AM com.smartmove.handlers.CriticalTemperatureHandler handle
SEVERE: [CriticalTemperatureHandler] Vehicle LON-ES002 at 75.0°C - triggering emergency lock
Mar 18, 2026 12:18:00 AM com.smartmove.handlers.CriticalTemperatureHandler handle
SEVERE: [CriticalTemperatureHandler] Vehicle LON-ES002 at 75.0°C - triggering emergency lock
Mar 18, 2026 12:18:00 AM com.smartmove.handlers.CriticalTemperatureHandler handle
SEVERE: [CriticalTemperatureHandler] Vehicle LON-ES002 at 75.0°C - triggering emergency lock
Mar 18, 2026 12:18:00 AM com.smartmove.handlers.CriticalTemperatureHandler handle
SEVERE: [CriticalTemperatureHandler] Vehicle LON-ES002 at 75.0°C - triggering emergency lock
Mar 18, 2026 12:18:00 AM com.smartmove.handlers.CriticalTemperatureHandler handle
SEVERE: [CriticalTemperatureHandler] Vehicle LON-ES002 at 75.0°C - triggering emergency lock
Mar 18, 2026 12:18:00 AM com.smartmove.handlers.CriticalTemperatureHandler handle
SEVERE: [CriticalTemperatureHandler] Vehicle LON-ES002 at 75.0°C - triggering emergency lock
Mar 18, 2026 12:18:00 AM com.smartmove.handlers.CriticalTemperatureHandler handle
SEVERE: [CriticalTemperatureHandler] Vehicle LON-ES002 at 75.0°C - triggering emergency lock
Mar 18, 2026 12:18:00 AM com.smartmove.handlers.CriticalTemperatureHandler handle
SEVERE: [CriticalTemperatureHandler] Vehicle LON-ES002 at 75.0°C - triggering emergency lock
Mar 18, 2026 12:18:00 AM com.smartmove.handlers.CriticalTemperatureHandler handle
SEVERE: [CriticalTemperatureHandler] Vehicle LON-ES002 at 75.0°C - triggering emergency lock
Mar 18, 2026 12:18:00 AM com.smartmove.handlers.CriticalTemperatureHandler handle
SEVERE: [CriticalTemperatureHandler] Vehicle LON-ES002 at 75.0°C - triggering emergency lock
Mar 18, 2026 12:18:00 AM com.smartmove.handlers.CriticalTemperatureHandler handle
SEVERE: [CriticalTemperatureHandler] Vehicle LON-ES002 at 75.0°C - triggering emergency lock
Mar 18, 2026 12:18:00 AM com.smartmove.handlers.CriticalTemperatureHandler handle
SEVERE: [CriticalTemperatureHandler] Vehicle LON-ES002 at 75.0°C - triggering emergency lock
Mar 18, 2026 12:18:00 AM com.smartmove.handlers.CriticalTemperatureHandler handle
SEVERE: [CriticalTemperatureHandler] Vehicle LON-ES002 at 75.0°C - triggering emergency lock
Mar 18, 2026 12:18:00 AM com.smartmove.handlers.CriticalTemperatureHandler handle
SEVERE: [CriticalTemperatureHandler] Vehicle LON-ES002 at 75.0°C - triggering emergency lock
Mar 18, 2026 12:18:00 AM com.smartmove.handlers.CriticalTemperatureHandler handle
SEVERE: [CriticalTemperatureHandler] Vehicle LON-ES002 at 75.0°C - triggering emergency lock
Mar 18, 2026 12:18:00 AM com.smartmove.handlers.CriticalTemperatureHandler handle
SEVERE: [CriticalTemperatureHandler] Vehicle LON-ES002 at 75.0°C - triggering emergency lock
Mar 18, 2026 12:18:00 AM com.smartmove.handlers.CriticalTemperatureHandler handle
SEVERE: [CriticalTemperatureHandler] Vehicle LON-ES002 at 75.0°C - triggering emergency lock
Mar 18, 2026 12:18:00 AM com.smartmove.handlers.CriticalTemperatureHandler handle
SEVERE: [CriticalTemperatureHandler] Vehicle LON-ES002 at 75.0°C - triggering emergency lock
Mar 18, 2026 12:18:00 AM com.smartmove.handlers.CriticalTemperatureHandler handle
SEVERE: [CriticalTemperatureHandler] Vehicle LON-ES002 at 75.0°C - triggering emergency lock
Mar 18, 2026 12:18:00 AM com.smartmove.handlers.CriticalTemperatureHandler handle
SEVERE: [CriticalTemperatureHandler] Vehicle LON-ES002 at 75.0°C - triggering emergency lock
Mar 18, 2026 12:18:00 AM com.smartmove.handlers.CriticalTemperatureHandler handle
SEVERE: [CriticalTemperatureHandler] Vehicle LON-ES002 at 75.0°C - triggering emergency lock
Mar 18, 2026 12:18:00 AM com.smartmove.handlers.CriticalTemperatureHandler handle
SEVERE: [CriticalTemperatureHandler] Vehicle LON-ES002 at 75.0°C - triggering emergency lock
Mar 18, 2026 12:18:00 AM com.smartmove.handlers.CriticalTemperatureHandler handle
SEVERE: [CriticalTemperatureHandler] Vehicle LON-ES002 at 75.0°C - triggering emergency lock
Mar 18, 2026 12:18:00 AM com.smartmove.handlers.CriticalTemperatureHandler handle
SEVERE: [CriticalTemperatureHandler] Vehicle LON-ES002 at 75.0°C - triggering emergency lock
Mar 18, 2026 12:18:00 AM com.smartmove.handlers.CriticalTemperatureHandler handle
SEVERE: [CriticalTemperatureHandler] Vehicle LON-ES002 at 75.0°C - triggering emergency lock
Mar 18, 2026 12:18:00 AM com.smartmove.handlers.CriticalTemperatureHandler handle
SEVERE: [CriticalTemperatureHandler] Vehicle LON-ES002 at 75.0°C - triggering emergency lock
Mar 18, 2026 12:18:00 AM com.smartmove.handlers.CriticalTemperatureHandler handle
SEVERE: [CriticalTemperatureHandler] Vehicle LON-ES002 at 75.0°C - triggering emergency lock
Mar 18, 2026 12:18:00 AM com.smartmove.handlers.CriticalTemperatureHandler handle
SEVERE: [CriticalTemperatureHandler] Vehicle LON-ES002 at 75.0°C - triggering emergency lock
Mar 18, 2026 12:18:00 AM com.smartmove.handlers.CriticalTemperatureHandler handle
SEVERE: [CriticalTemperatureHandler] Vehicle LON-ES002 at 75.0°C - triggering emergency lock
Mar 18, 2026 12:18:00 AM com.smartmove.handlers.CriticalTemperatureHandler handle
SEVERE: [CriticalTemperatureHandler] Vehicle LON-ES002 at 75.0°C - triggering emergency lock
Mar 18, 2026 12:18:00 AM com.smartmove.handlers.CriticalTemperatureHandler handle
SEVERE: [CriticalTemperatureHandler] Vehicle LON-ES002 at 75.0°C - triggering emergency lock
Mar 18, 2026 12:18:00 AM com.smartmove.handlers.CriticalTemperatureHandler handle
SEVERE: [CriticalTemperatureHandler] Vehicle LON-ES002 at 75.0°C - triggering emergency lock
Mar 18, 2026 12:18:00 AM com.smartmove.handlers.CriticalTemperatureHandler handle
SEVERE: [CriticalTemperatureHandler] Vehicle LON-ES002 at 75.0°C - triggering emergency lock
Mar 18, 2026 12:18:00 AM com.smartmove.handlers.CriticalTemperatureHandler handle
SEVERE: [CriticalTemperatureHandler] Vehicle LON-ES002 at 75.0°C - triggering emergency lock
Mar 18, 2026 12:18:00 AM com.smartmove.handlers.CriticalTemperatureHandler handle
SEVERE: [CriticalTemperatureHandler] Vehicle LON-ES002 at 75.0°C - triggering emergency lock
Mar 18, 2026 12:18:00 AM com.smartmove.handlers.CriticalTemperatureHandler handle
SEVERE: [CriticalTemperatureHandler] Vehicle LON-ES002 at 75.0°C - triggering emergency lock
Mar 18, 2026 12:18:00 AM com.smartmove.handlers.CriticalTemperatureHandler handle
SEVERE: [CriticalTemperatureHandler] Vehicle LON-ES002 at 75.0°C - triggering emergency lock
Mar 18, 2026 12:18:00 AM com.smartmove.handlers.CriticalTemperatureHandler handle
SEVERE: [CriticalTemperatureHandler] Vehicle LON-ES002 at 75.0°C - triggering emergency lock
Mar 18, 2026 12:18:00 AM com.smartmove.handlers.CriticalTemperatureHandler handle
SEVERE: [CriticalTemperatureHandler] Vehicle LON-ES002 at 75.0°C - triggering emergency lock
Mar 18, 2026 12:18:00 AM com.smartmove.handlers.CriticalTemperatureHandler handle
SEVERE: [CriticalTemperatureHandler] Vehicle LON-ES002 at 75.0°C - triggering emergency lock
Mar 18, 2026 12:18:00 AM com.smartmove.handlers.CriticalTemperatureHandler handle
SEVERE: [CriticalTemperatureHandler] Vehicle LON-ES002 at 75.0°C - triggering emergency lock
Mar 18, 2026 12:18:00 AM com.smartmove.handlers.CriticalTemperatureHandler handle
SEVERE: [CriticalTemperatureHandler] Vehicle LON-ES002 at 75.0°C - triggering emergency lock
Mar 18, 2026 12:18:00 AM com.smartmove.handlers.CriticalTemperatureHandler handle
SEVERE: [CriticalTemperatureHandler] Vehicle LON-ES002 at 75.0°C - triggering emergency lock
Mar 18, 2026 12:18:00 AM com.smartmove.handlers.CriticalTemperatureHandler handle
SEVERE: [CriticalTemperatureHandler] Vehicle LON-ES002 at 75.0°C - triggering emergency lock
Mar 18, 2026 12:18:00 AM com.smartmove.handlers.CriticalTemperatureHandler handle
SEVERE: [CriticalTemperatureHandler] Vehicle LON-ES002 at 75.0°C - triggering emergency lock
Mar 18, 2026 12:18:00 AM com.smartmove.handlers.CriticalTemperatureHandler handle
SEVERE: [CriticalTemperatureHandler] Vehicle LON-ES002 at 75.0°C - triggering emergency lock
Mar 18, 2026 12:18:00 AM com.smartmove.handlers.CriticalTemperatureHandler handle
SEVERE: [CriticalTemperatureHandler] Vehicle LON-ES002 at 75.0°C - triggering emergency lock
Mar 18, 2026 12:18:00 AM com.smartmove.handlers.CriticalTemperatureHandler handle
SEVERE: [CriticalTemperatureHandler] Vehicle LON-ES002 at 75.0°C - triggering emergency lock
Mar 18, 2026 12:18:00 AM com.smartmove.handlers.CriticalTemperatureHandler handle
SEVERE: [CriticalTemperatureHandler] Vehicle LON-ES002 at 75.0°C - triggering emergency lock
Mar 18, 2026 12:18:00 AM com.smartmove.handlers.CriticalTemperatureHandler handle
SEVERE: [CriticalTemperatureHandler] Vehicle LON-ES002 at 75.0°C - triggering emergency lock
Mar 18, 2026 12:18:00 AM com.smartmove.handlers.CriticalTemperatureHandler handle
SEVERE: [CriticalTemperatureHandler] Vehicle LON-ES002 at 75.0°C - triggering emergency lock
Mar 18, 2026 12:18:00 AM com.smartmove.handlers.CriticalTemperatureHandler handle
SEVERE: [CriticalTemperatureHandler] Vehicle LON-ES002 at 75.0°C - triggering emergency lock
Mar 18, 2026 12:18:00 AM com.smartmove.handlers.CriticalTemperatureHandler handle
SEVERE: [CriticalTemperatureHandler] Vehicle LON-ES002 at 75.0°C - triggering emergency lock
Mar 18, 2026 12:18:00 AM com.smartmove.handlers.CriticalTemperatureHandler handle
SEVERE: [CriticalTemperatureHandler] Vehicle LON-ES002 at 75.0°C - triggering emergency lock
Mar 18, 2026 12:18:00 AM com.smartmove.handlers.CriticalTemperatureHandler handle
SEVERE: [CriticalTemperatureHandler] Vehicle LON-ES002 at 75.0°C - triggering emergency lock
Mar 18, 2026 12:18:00 AM com.smartmove.handlers.CriticalTemperatureHandler handle
SEVERE: [CriticalTemperatureHandler] Vehicle LON-ES002 at 75.0°C - triggering emergency lock
Mar 18, 2026 12:18:00 AM com.smartmove.handlers.CriticalTemperatureHandler handle
SEVERE: [CriticalTemperatureHandler] Vehicle LON-ES002 at 75.0°C - triggering emergency lock
Mar 18, 2026 12:18:00 AM com.smartmove.handlers.CriticalTemperatureHandler handle
SEVERE: [CriticalTemperatureHandler] Vehicle LON-ES002 at 75.0°C - triggering emergency lock
Mar 18, 2026 12:18:00 AM com.smartmove.handlers.CriticalTemperatureHandler handle
SEVERE: [CriticalTemperatureHandler] Vehicle LON-ES002 at 75.0°C - triggering emergency lock
Mar 18, 2026 12:18:00 AM com.smartmove.handlers.CriticalTemperatureHandler handle
SEVERE: [CriticalTemperatureHandler] Vehicle LON-ES002 at 75.0°C - triggering emergency lock
Mar 18, 2026 12:18:00 AM com.smartmove.handlers.CriticalTemperatureHandler handle
SEVERE: [CriticalTemperatureHandler] Vehicle LON-ES002 at 75.0°C - triggering emergency lock
Mar 18, 2026 12:18:00 AM com.smartmove.handlers.CriticalTemperatureHandler handle
SEVERE: [CriticalTemperatureHandler] Vehicle LON-ES002 at 75.0°C - triggering emergency lock
Mar 18, 2026 12:18:00 AM com.smartmove.handlers.CriticalTemperatureHandler handle
SEVERE: [CriticalTemperatureHandler] Vehicle LON-ES002 at 75.0°C - triggering emergency lock
Mar 18, 2026 12:18:00 AM com.smartmove.handlers.CriticalTemperatureHandler handle
SEVERE: [CriticalTemperatureHandler] Vehicle LON-ES002 at 75.0°C - triggering emergency lock
Mar 18, 2026 12:18:00 AM com.smartmove.handlers.CriticalTemperatureHandler handle
SEVERE: [CriticalTemperatureHandler] Vehicle LON-ES002 at 75.0°C - triggering emergency lock
Mar 18, 2026 12:18:00 AM com.smartmove.handlers.CriticalTemperatureHandler handle
SEVERE: [CriticalTemperatureHandler] Vehicle LON-ES002 at 75.0°C - triggering emergency lock
Mar 18, 2026 12:18:00 AM com.smartmove.handlers.CriticalTemperatureHandler handle
SEVERE: [CriticalTemperatureHandler] Vehicle LON-ES002 at 75.0°C - triggering emergency lock
Mar 18, 2026 12:18:00 AM com.smartmove.handlers.CriticalTemperatureHandler handle
SEVERE: [CriticalTemperatureHandler] Vehicle LON-ES002 at 75.0°C - triggering emergency lock
Mar 18, 2026 12:18:00 AM com.smartmove.handlers.CriticalTemperatureHandler handle
SEVERE: [CriticalTemperatureHandler] Vehicle LON-ES002 at 75.0°C - triggering emergency lock
Mar 18, 2026 12:18:00 AM com.smartmove.handlers.CriticalTemperatureHandler handle
SEVERE: [CriticalTemperatureHandler] Vehicle LON-ES002 at 75.0°C - triggering emergency lock
Mar 18, 2026 12:18:00 AM com.smartmove.handlers.CriticalTemperatureHandler handle
SEVERE: [CriticalTemperatureHandler] Vehicle LON-ES002 at 75.0°C - triggering emergency lock
Mar 18, 2026 12:18:00 AM com.smartmove.handlers.CriticalTemperatureHandler handle
SEVERE: [CriticalTemperatureHandler] Vehicle LON-ES002 at 75.0°C - triggering emergency lock
Mar 18, 2026 12:18:00 AM com.smartmove.handlers.CriticalTemperatureHandler handle
SEVERE: [CriticalTemperatureHandler] Vehicle LON-ES002 at 75.0°C - triggering emergency lock
Mar 18, 2026 12:18:00 AM com.smartmove.handlers.CriticalTemperatureHandler handle
SEVERE: [CriticalTemperatureHandler] Vehicle LON-ES002 at 75.0°C - triggering emergency lock
Mar 18, 2026 12:18:00 AM com.smartmove.handlers.CriticalTemperatureHandler handle
SEVERE: [CriticalTemperatureHandler] Vehicle LON-ES002 at 75.0°C - triggering emergency lock
Mar 18, 2026 12:18:00 AM com.smartmove.handlers.CriticalTemperatureHandler handle
SEVERE: [CriticalTemperatureHandler] Vehicle LON-ES002 at 75.0°C - triggering emergency lock
Mar 18, 2026 12:18:00 AM com.smartmove.handlers.CriticalTemperatureHandler handle
SEVERE: [CriticalTemperatureHandler] Vehicle LON-ES002 at 75.0°C - triggering emergency lock
Mar 18, 2026 12:18:00 AM com.smartmove.handlers.CriticalTemperatureHandler handle
SEVERE: [CriticalTemperatureHandler] Vehicle LON-ES002 at 75.0°C - triggering emergency lock
Mar 18, 2026 12:18:00 AM com.smartmove.handlers.CriticalTemperatureHandler handle
SEVERE: [CriticalTemperatureHandler] Vehicle LON-ES002 at 75.0°C - triggering emergency lock
Mar 18, 2026 12:18:00 AM com.smartmove.handlers.CriticalTemperatureHandler handle
SEVERE: [CriticalTemperatureHandler] Vehicle LON-ES002 at 75.0°C - triggering emergency lock
Mar 18, 2026 12:18:00 AM com.smartmove.handlers.CriticalTemperatureHandler handle
SEVERE: [CriticalTemperatureHandler] Vehicle LON-ES002 at 75.0°C - triggering emergency lock
Mar 18, 2026 12:18:00 AM com.smartmove.handlers.CriticalTemperatureHandler handle
SEVERE: [CriticalTemperatureHandler] Vehicle LON-ES002 at 75.0°C - triggering emergency lock
Mar 18, 2026 12:18:00 AM com.smartmove.handlers.CriticalTemperatureHandler handle
SEVERE: [CriticalTemperatureHandler] Vehicle LON-ES002 at 75.0°C - triggering emergency lock
Mar 18, 2026 12:18:00 AM com.smartmove.handlers.CriticalTemperatureHandler handle
SEVERE: [CriticalTemperatureHandler] Vehicle LON-ES002 at 75.0°C - triggering emergency lock
Mar 18, 2026 12:18:00 AM com.smartmove.handlers.CriticalTemperatureHandler handle
SEVERE: [CriticalTemperatureHandler] Vehicle LON-ES002 at 75.0°C - triggering emergency lock
Mar 18, 2026 12:18:00 AM com.smartmove.handlers.CriticalTemperatureHandler handle
SEVERE: [CriticalTemperatureHandler] Vehicle LON-ES002 at 75.0°C - triggering emergency lock
Mar 18, 2026 12:18:00 AM com.smartmove.handlers.CriticalTemperatureHandler handle
SEVERE: [CriticalTemperatureHandler] Vehicle LON-ES002 at 75.0°C - triggering emergency lock
Mar 18, 2026 12:18:00 AM com.smartmove.handlers.CriticalTemperatureHandler handle
SEVERE: [CriticalTemperatureHandler] Vehicle LON-ES002 at 75.0°C - triggering emergency lock
Mar 18, 2026 12:18:00 AM com.smartmove.handlers.CriticalTemperatureHandler handle
SEVERE: [CriticalTemperatureHandler] Vehicle LON-ES002 at 75.0°C - triggering emergency lock
Mar 18, 2026 12:18:00 AM com.smartmove.handlers.CriticalTemperatureHandler handle
SEVERE: [CriticalTemperatureHandler] Vehicle LON-ES002 at 75.0°C - triggering emergency lock
Mar 18, 2026 12:18:00 AM com.smartmove.handlers.CriticalTemperatureHandler handle
SEVERE: [CriticalTemperatureHandler] Vehicle LON-ES002 at 75.0°C - triggering emergency lock
Mar 18, 2026 12:18:00 AM com.smartmove.handlers.CriticalTemperatureHandler handle
SEVERE: [CriticalTemperatureHandler] Vehicle LON-ES002 at 75.0°C - triggering emergency lock
Mar 18, 2026 12:18:00 AM com.smartmove.handlers.CriticalTemperatureHandler handle
SEVERE: [CriticalTemperatureHandler] Vehicle LON-ES002 at 75.0°C - triggering emergency lock
Mar 18, 2026 12:18:00 AM com.smartmove.handlers.CriticalTemperatureHandler handle
SEVERE: [CriticalTemperatureHandler] Vehicle LON-ES002 at 75.0°C - triggering emergency lock
Mar 18, 2026 12:18:00 AM com.smartmove.handlers.CriticalTemperatureHandler handle
SEVERE: [CriticalTemperatureHandler] Vehicle LON-ES002 at 75.0°C - triggering emergency lock
Mar 18, 2026 12:18:00 AM com.smartmove.handlers.CriticalTemperatureHandler handle
SEVERE: [CriticalTemperatureHandler] Vehicle LON-ES002 at 75.0°C - triggering emergency lock
Mar 18, 2026 12:18:00 AM com.smartmove.handlers.CriticalTemperatureHandler handle
SEVERE: [CriticalTemperatureHandler] Vehicle LON-ES002 at 75.0°C - triggering emergency lock
Mar 18, 2026 12:18:00 AM com.smartmove.handlers.CriticalTemperatureHandler handle
SEVERE: [CriticalTemperatureHandler] Vehicle LON-ES002 at 75.0°C - triggering emergency lock
Mar 18, 2026 12:18:00 AM com.smartmove.handlers.CriticalTemperatureHandler handle
SEVERE: [CriticalTemperatureHandler] Vehicle LON-ES002 at 75.0°C - triggering emergency lock
Mar 18, 2026 12:18:00 AM com.smartmove.handlers.CriticalTemperatureHandler handle
SEVERE: [CriticalTemperatureHandler] Vehicle LON-ES002 at 75.0°C - triggering emergency lock
Mar 18, 2026 12:18:00 AM com.smartmove.handlers.CriticalTemperatureHandler handle
SEVERE: [CriticalTemperatureHandler] Vehicle LON-ES002 at 75.0°C - triggering emergency lock
Mar 18, 2026 12:18:00 AM com.smartmove.handlers.CriticalTemperatureHandler handle
SEVERE: [CriticalTemperatureHandler] Vehicle LON-ES002 at 75.0°C - triggering emergency lock
Mar 18, 2026 12:18:00 AM com.smartmove.handlers.CriticalTemperatureHandler handle
SEVERE: [CriticalTemperatureHandler] Vehicle LON-ES002 at 75.0°C - triggering emergency lock
Mar 18, 2026 12:18:00 AM com.smartmove.handlers.CriticalTemperatureHandler handle
SEVERE: [CriticalTemperatureHandler] Vehicle LON-ES002 at 75.0°C - triggering emergency lock
Mar 18, 2026 12:18:00 AM com.smartmove.handlers.CriticalTemperatureHandler handle
SEVERE: [CriticalTemperatureHandler] Vehicle LON-ES002 at 75.0°C - triggering emergency lock
Mar 18, 2026 12:18:00 AM com.smartmove.handlers.CriticalTemperatureHandler handle
SEVERE: [CriticalTemperatureHandler] Vehicle LON-ES002 at 75.0°C - triggering emergency lock
Mar 18, 2026 12:18:00 AM com.smartmove.handlers.CriticalTemperatureHandler handle
SEVERE: [CriticalTemperatureHandler] Vehicle LON-ES002 at 75.0°C - triggering emergency lock
Mar 18, 2026 12:18:00 AM com.smartmove.handlers.CriticalTemperatureHandler handle
SEVERE: [CriticalTemperatureHandler] Vehicle LON-ES002 at 75.0°C - triggering emergency lock
Mar 18, 2026 12:18:00 AM com.smartmove.handlers.CriticalTemperatureHandler handle
SEVERE: [CriticalTemperatureHandler] Vehicle LON-ES002 at 75.0°C - triggering emergency lock
Mar 18, 2026 12:18:00 AM com.smartmove.handlers.CriticalTemperatureHandler handle
SEVERE: [CriticalTemperatureHandler] Vehicle LON-ES002 at 75.0°C - triggering emergency lock
Mar 18, 2026 12:18:00 AM com.smartmove.handlers.CriticalTemperatureHandler handle
SEVERE: [CriticalTemperatureHandler] Vehicle LON-ES002 at 75.0°C - triggering emergency lock
Mar 18, 2026 12:18:00 AM com.smartmove.handlers.CriticalTemperatureHandler handle
SEVERE: [CriticalTemperatureHandler] Vehicle LON-ES002 at 75.0°C - triggering emergency lock
Mar 18, 2026 12:18:00 AM com.smartmove.handlers.CriticalTemperatureHandler handle
SEVERE: [CriticalTemperatureHandler] Vehicle LON-ES002 at 75.0°C - triggering emergency lock
Mar 18, 2026 12:18:00 AM com.smartmove.handlers.CriticalTemperatureHandler handle
SEVERE: [CriticalTemperatureHandler] Vehicle LON-ES002 at 75.0°C - triggering emergency lock
Mar 18, 2026 12:18:00 AM com.smartmove.handlers.CriticalTemperatureHandler handle
SEVERE: [CriticalTemperatureHandler] Vehicle LON-ES002 at 75.0°C - triggering emergency lock
Mar 18, 2026 12:18:00 AM com.smartmove.handlers.CriticalTemperatureHandler handle
SEVERE: [CriticalTemperatureHandler] Vehicle LON-ES002 at 75.0°C - triggering emergency lock
Mar 18, 2026 12:18:00 AM com.smartmove.handlers.CriticalTemperatureHandler handle
SEVERE: [CriticalTemperatureHandler] Vehicle LON-ES002 at 75.0°C - triggering emergency lock
Mar 18, 2026 12:18:00 AM com.smartmove.handlers.CriticalTemperatureHandler handle
SEVERE: [CriticalTemperatureHandler] Vehicle LON-ES002 at 75.0°C - triggering emergency lock
Mar 18, 2026 12:18:00 AM com.smartmove.handlers.CriticalTemperatureHandler handle
SEVERE: [CriticalTemperatureHandler] Vehicle LON-ES002 at 75.0°C - triggering emergency lock
Mar 18, 2026 12:18:00 AM com.smartmove.handlers.CriticalTemperatureHandler handle
SEVERE: [CriticalTemperatureHandler] Vehicle LON-ES002 at 75.0°C - triggering emergency lock
Mar 18, 2026 12:18:00 AM com.smartmove.handlers.CriticalTemperatureHandler handle
SEVERE: [CriticalTemperatureHandler] Vehicle LON-ES002 at 75.0°C - triggering emergency lock
Mar 18, 2026 12:18:00 AM com.smartmove.handlers.CriticalTemperatureHandler handle
SEVERE: [CriticalTemperatureHandler] Vehicle LON-ES002 at 75.0°C - triggering emergency lock
Mar 18, 2026 12:18:00 AM com.smartmove.handlers.CriticalTemperatureHandler handle
SEVERE: [CriticalTemperatureHandler] Vehicle LON-ES002 at 75.0°C - triggering emergency lock
Mar 18, 2026 12:18:00 AM com.smartmove.handlers.CriticalTemperatureHandler handle
SEVERE: [CriticalTemperatureHandler] Vehicle LON-ES002 at 75.0°C - triggering emergency lock
Mar 18, 2026 12:18:00 AM com.smartmove.handlers.CriticalTemperatureHandler handle
SEVERE: [CriticalTemperatureHandler] Vehicle LON-ES002 at 75.0°C - triggering emergency lock
Mar 18, 2026 12:18:00 AM com.smartmove.handlers.CriticalTemperatureHandler handle
SEVERE: [CriticalTemperatureHandler] Vehicle LON-ES002 at 75.0°C - triggering emergency lock
Mar 18, 2026 12:18:00 AM com.smartmove.handlers.CriticalTemperatureHandler handle
SEVERE: [CriticalTemperatureHandler] Vehicle LON-ES002 at 75.0°C - triggering emergency lock
Mar 18, 2026 12:18:00 AM com.smartmove.handlers.CriticalTemperatureHandler handle
SEVERE: [CriticalTemperatureHandler] Vehicle LON-ES002 at 75.0°C - triggering emergency lock
Mar 18, 2026 12:18:00 AM com.smartmove.handlers.CriticalTemperatureHandler handle
SEVERE: [CriticalTemperatureHandler] Vehicle LON-ES002 at 75.0°C - triggering emergency lock
Mar 18, 2026 12:18:00 AM com.smartmove.handlers.CriticalTemperatureHandler handle
SEVERE: [CriticalTemperatureHandler] Vehicle LON-ES002 at 75.0°C - triggering emergency lock
Mar 18, 2026 12:18:00 AM com.smartmove.handlers.CriticalTemperatureHandler handle
SEVERE: [CriticalTemperatureHandler] Vehicle LON-ES002 at 75.0°C - triggering emergency lock
Mar 18, 2026 12:18:00 AM com.smartmove.handlers.CriticalTemperatureHandler handle
SEVERE: [CriticalTemperatureHandler] Vehicle LON-ES002 at 75.0°C - triggering emergency lock
Mar 18, 2026 12:18:00 AM com.smartmove.handlers.CriticalTemperatureHandler handle
SEVERE: [CriticalTemperatureHandler] Vehicle LON-ES002 at 75.0°C - triggering emergency lock
Mar 18, 2026 12:18:00 AM com.smartmove.handlers.CriticalTemperatureHandler handle
SEVERE: [CriticalTemperatureHandler] Vehicle LON-ES002 at 75.0°C - triggering emergency lock
Mar 18, 2026 12:18:00 AM com.smartmove.handlers.CriticalTemperatureHandler handle
SEVERE: [CriticalTemperatureHandler] Vehicle LON-ES002 at 75.0°C - triggering emergency lock
Mar 18, 2026 12:18:00 AM com.smartmove.handlers.CriticalTemperatureHandler handle
SEVERE: [CriticalTemperatureHandler] Vehicle LON-ES002 at 75.0°C - triggering emergency lock
Mar 18, 2026 12:18:00 AM com.smartmove.handlers.CriticalTemperatureHandler handle
SEVERE: [CriticalTemperatureHandler] Vehicle LON-ES002 at 75.0°C - triggering emergency lock
Mar 18, 2026 12:18:00 AM com.smartmove.handlers.CriticalTemperatureHandler handle
SEVERE: [CriticalTemperatureHandler] Vehicle LON-ES002 at 75.0°C - triggering emergency lock
Mar 18, 2026 12:18:00 AM com.smartmove.handlers.CriticalTemperatureHandler handle
SEVERE: [CriticalTemperatureHandler] Vehicle LON-ES002 at 75.0°C - triggering emergency lock
Mar 18, 2026 12:18:00 AM com.smartmove.handlers.CriticalTemperatureHandler handle
SEVERE: [CriticalTemperatureHandler] Vehicle LON-ES002 at 75.0°C - triggering emergency lock
Mar 18, 2026 12:18:00 AM com.smartmove.handlers.CriticalTemperatureHandler handle
SEVERE: [CriticalTemperatureHandler] Vehicle LON-ES002 at 75.0°C - triggering emergency lock
Mar 18, 2026 12:18:00 AM com.smartmove.handlers.CriticalTemperatureHandler handle
SEVERE: [CriticalTemperatureHandler] Vehicle LON-ES002 at 75.0°C - triggering emergency lock
[...]
	at com.smartmove.events.EventBus.publish(EventBus.java:68)
	at com.smartmove.handlers.CriticalTemperatureHandler.handle(CriticalTemperatureHandler.java:25)
	at com.smartmove.controller.SmartMoveCentralController.lambda$registerEventHandlers$12(SmartMoveCentralController.java:269)
	at com.smartmove.events.EventBus.publish(EventBus.java:68)
	at com.smartmove.handlers.CriticalTemperatureHandler.handle(CriticalTemperatureHandler.java:25)
	at com.smartmove.controller.SmartMoveCentralController.lambda$registerEventHandlers$12(SmartMoveCentralController.java:269)
	at com.smartmove.events.EventBus.publish(EventBus.java:68)
	at com.smartmove.handlers.CriticalTemperatureHandler.handle(CriticalTemperatureHandler.java:25)
	at com.smartmove.controller.SmartMoveCentralController.lambda$registerEventHandlers$12(SmartMoveCentralController.java:269)
	at com.smartmove.events.EventBus.publish(EventBus.java:68)
	at com.smartmove.handlers.CriticalTemperatureHandler.handle(CriticalTemperatureHandler.java:25)
	at com.smartmove.controller.SmartMoveCentralController.lambda$registerEventHandlers$12(SmartMoveCentralController.java:269)
	at com.smartmove.events.EventBus.publish(EventBus.java:68)
	at com.smartmove.handlers.CriticalTemperatureHandler.handle(CriticalTemperatureHandler.java:25)
	at com.smartmove.controller.SmartMoveCentralController.lambda$registerEventHandlers$12(SmartMoveCentralController.java:269)
	at com.smartmove.events.EventBus.publish(EventBus.java:68)
	at com.smartmove.handlers.CriticalTemperatureHandler.handle(CriticalTemperatureHandler.java:25)
	at com.smartmove.controller.SmartMoveCentralController.lambda$registerEventHandlers$12(SmartMoveCentralController.java:269)
	at com.smartmove.events.EventBus.publish(EventBus.java:68)
	at com.smartmove.handlers.CriticalTemperatureHandler.handle(CriticalTemperatureHandler.java:25)
	at com.smartmove.controller.SmartMoveCentralController.lambda$registerEventHandlers$12(SmartMoveCentralController.java:269)
	at com.smartmove.events.EventBus.publish(EventBus.java:68)
	at com.smartmove.handlers.CriticalTemperatureHandler.handle(CriticalTemperatureHandler.java:25)
	at com.smartmove.controller.SmartMoveCentralController.lambda$registerEventHandlers$12(SmartMoveCentralController.java:269)
	at com.smartmove.events.EventBus.publish(EventBus.java:68)
	at com.smartmove.handlers.CriticalTemperatureHandler.handle(CriticalTemperatureHandler.java:25)
	at com.smartmove.controller.SmartMoveCentralController.lambda$registerEventHandlers$12(SmartMoveCentralController.java:269)
	at com.smartmove.events.EventBus.publish(EventBus.java:68)
	at com.smartmove.handlers.CriticalTemperatureHandler.handle(CriticalTemperatureHandler.java:25)
Mar 18, 2026 12:18:01 AM com.smartmove.Main main
INFO: 
????????????????????????????????????????????????????????????
  CONCURRENCY — Simultaneous Reservation Attempts
????????????????????????????????????????????????????????????
Mar 18, 2026 12:18:01 AM com.smartmove.Main concurrencyScenario
INFO: Two threads simultaneously trying to reserve LON-B002...
Mar 18, 2026 12:18:01 AM com.smartmove.controller.SmartMoveCentralController reserveVehicle
INFO: [Controller] Vehicle LON-B002 RESERVED by user Elena Bianchi (rental R1004)
Mar 18, 2026 12:18:01 AM com.smartmove.Main lambda$concurrencyScenario$23
INFO:   [Thread-1] SUCCESS: Elena reserved LON-B002 ? R1004
Mar 18, 2026 12:18:01 AM com.smartmove.Main lambda$concurrencyScenario$26
INFO:   [Thread-2] REJECTED: Vehicle LON-B002 is not available (state: RESERVED (Reserved by user, not yet started))
Mar 18, 2026 12:18:01 AM com.smartmove.Main lambda$concurrencyScenario$28
INFO:   Final state of LON-B002: RESERVED (Reserved by user, not yet started) (only one reservation should have succeeded)
Mar 18, 2026 12:18:02 AM com.smartmove.Main main
INFO: 
????????????????????????????????????????????????????????????
  AUDIT TRAIL — Chain Integrity Verification
????????????????????????????????????????????????????????????
Mar 18, 2026 12:18:02 AM com.smartmove.audit.AuditLog printLog
INFO: === AUDIT LOG (13 entries) ===
Mar 18, 2026 12:18:02 AM com.smartmove.audit.AuditLog printLog
INFO:   [  1] 2026-03-17T23:17:58.434360600Z | VEHICLE_RESERVED | vehicle=LON-B002 user=U004 rental=R1001 | checksum=7f20daa3

Mar 18, 2026 12:18:02 AM com.smartmove.audit.AuditLog printLog
INFO:   [  2] 2026-03-17T23:17:58.809115800Z | VEHICLE_RESERVED | vehicle=LON-ES001 user=U001 rental=R1001 | checksum=664b5422

Mar 18, 2026 12:18:02 AM com.smartmove.audit.AuditLog printLog
INFO:   [  3] 2026-03-17T23:17:58.818999800Z | RENTAL_STARTED | vehicle=LON-ES001 rental=R1001 city=London | checksum=2f5d65bc

Mar 18, 2026 12:18:02 AM com.smartmove.audit.AuditLog printLog
INFO:   [  4] 2026-03-17T23:17:58.818999800Z | RENTAL_ENDED | vehicle=LON-ES001 rental=R1001 total=9.50 | checksum=6f420f09

Mar 18, 2026 12:18:02 AM com.smartmove.audit.AuditLog printLog
INFO:   [  5] 2026-03-17T23:17:58.829862300Z | PAYMENT_PROCESSED | payment=P1001 rental=R1001 base=6.00 surcharge=3.50 total=9.50 | checksum=281b38e5

Mar 18, 2026 12:18:02 AM com.smartmove.audit.AuditLog printLog
INFO:   [  6] 2026-03-17T23:17:59.336813600Z | VEHICLE_RESERVED | vehicle=MIL-M001 user=U003 rental=R1002 | checksum=2966d4e1

Mar 18, 2026 12:18:02 AM com.smartmove.audit.AuditLog printLog
INFO:   [  7] 2026-03-17T23:17:59.336813600Z | RENTAL_STARTED | vehicle=MIL-M001 rental=R1002 city=Milan | checksum=2d98e193

Mar 18, 2026 12:18:02 AM com.smartmove.audit.AuditLog printLog
INFO:   [  8] 2026-03-17T23:17:59.345416400Z | RENTAL_ENDED | vehicle=MIL-M001 rental=R1002 total=6.00 | checksum=1d37b04c

Mar 18, 2026 12:18:02 AM com.smartmove.audit.AuditLog printLog
INFO:   [  9] 2026-03-17T23:17:59.345416400Z | PAYMENT_PROCESSED | payment=P1002 rental=R1002 base=6.00 surcharge=0.00 total=6.00 | checksum=197fa8e6

Mar 18, 2026 12:18:02 AM com.smartmove.audit.AuditLog printLog
INFO:   [ 10] 2026-03-17T23:17:59.852859700Z | VEHICLE_RESERVED | vehicle=ROM-ES002 user=U002 rental=R1003 | checksum=84895de8

Mar 18, 2026 12:18:02 AM com.smartmove.audit.AuditLog printLog
INFO:   [ 11] 2026-03-17T23:17:59.857569300Z | RENTAL_STARTED | vehicle=ROM-ES002 rental=R1003 city=Rome | checksum=3b20d80f

Mar 18, 2026 12:18:02 AM com.smartmove.audit.AuditLog printLog
INFO:   [ 12] 2026-03-17T23:17:59.860914100Z | EMERGENCY_LOCK | vehicle=ROM-ES002 reason=GPS restriction violation: Rome policy: Vehicle ROM-ES002 is entering restricted ZTL zone ROME_ZTL_CENTRO | checksum=233d1bcc

Mar 18, 2026 12:18:02 AM com.smartmove.audit.AuditLog printLog
INFO:   [ 13] 2026-03-17T23:18:01.879072200Z | VEHICLE_RESERVED | vehicle=LON-B002 user=U004 rental=R1004 | checksum=72b6e273

Mar 18, 2026 12:18:02 AM com.smartmove.audit.AuditLog printLog
INFO: === END AUDIT LOG ===
Mar 18, 2026 12:18:02 AM com.smartmove.audit.AuditLog verifyChain
INFO: [AuditLog] Chain integrity verified. Entries: 13
Mar 18, 2026 12:18:02 AM com.smartmove.Main main
INFO: Audit chain valid: true
Mar 18, 2026 12:18:02 AM com.smartmove.Main main
INFO: 
????????????????????????????????????????????????????????????
  FLEET STATUS SUMMARY
????????????????????????????????????????????????????????????
Mar 18, 2026 12:18:02 AM com.smartmove.Main printFleetSummary
INFO: Vehicle ID       | Type             | City   | State          | Bat% | Temp°C
Mar 18, 2026 12:18:02 AM com.smartmove.Main printFleetSummary
INFO: -----------------|------------------|--------|----------------|------|-------
Mar 18, 2026 12:18:02 AM com.smartmove.Main lambda$printFleetSummary$31
INFO: LON-B001         | Bicycle          | London | AVAILABLE (Available for rental)|   85 | 20.0

Mar 18, 2026 12:18:02 AM com.smartmove.Main lambda$printFleetSummary$31
INFO: LON-B002         | Bicycle          | London | RESERVED (Reserved by user, not yet started)|   72 | 20.0

Mar 18, 2026 12:18:02 AM com.smartmove.Main lambda$printFleetSummary$31
INFO: LON-ES001        | ElectricScooter  | London | AVAILABLE (Available for rental)|   90 | 20.0

Mar 18, 2026 12:18:02 AM com.smartmove.Main lambda$printFleetSummary$31
INFO: LON-ES002        | ElectricScooter  | London | EMERGENCY_LOCK (Emergency locked due to safety/security issue)|   65 | 75.0

Mar 18, 2026 12:18:02 AM com.smartmove.Main lambda$printFleetSummary$31
INFO: LON-M001         | Moped            | London | AVAILABLE (Available for rental)|   78 | 20.0

Mar 18, 2026 12:18:02 AM com.smartmove.Main lambda$printFleetSummary$31
INFO: MIL-B001         | Bicycle          | Milan  | AVAILABLE (Available for rental)|   95 | 20.0

Mar 18, 2026 12:18:02 AM com.smartmove.Main lambda$printFleetSummary$31
INFO: MIL-ES001        | ElectricScooter  | Milan  | AVAILABLE (Available for rental)|   60 | 20.0

Mar 18, 2026 12:18:02 AM com.smartmove.Main lambda$printFleetSummary$31
INFO: MIL-M001         | Moped            | Milan  | AVAILABLE (Available for rental)|   88 | 20.0

Mar 18, 2026 12:18:02 AM com.smartmove.Main lambda$printFleetSummary$31
INFO: MIL-M002         | Moped            | Milan  | AVAILABLE (Available for rental)|   30 | 20.0

Mar 18, 2026 12:18:02 AM com.smartmove.Main lambda$printFleetSummary$31
INFO: ROM-B001         | Bicycle          | Rome   | AVAILABLE (Available for rental)|   92 | 20.0

Mar 18, 2026 12:18:02 AM com.smartmove.Main lambda$printFleetSummary$31
INFO: ROM-ES001        | ElectricScooter  | Rome   | AVAILABLE (Available for rental)|   55 | 20.0

Mar 18, 2026 12:18:02 AM com.smartmove.Main lambda$printFleetSummary$31
INFO: ROM-ES002        | ElectricScooter  | Rome   | EMERGENCY_LOCK (Emergency locked due to safety/security issue)|   70 | 20.0

Mar 18, 2026 12:18:02 AM com.smartmove.Main lambda$printFleetSummary$31
INFO: ROM-M001         | Moped            | Rome   | AVAILABLE (Available for rental)|   80 | 20.0

Mar 18, 2026 12:18:02 AM com.smartmove.controller.SmartMoveCentralController stopTelemetryMonitor
INFO: [Controller] TelemetryMonitor stop signal sent.
Mar 18, 2026 12:18:02 AM com.smartmove.Main main
INFO: 
[Main] SmartMove engine shutdown complete.
Mar 18, 2026 12:18:02 AM com.smartmove.audit.AuditLog verifyChain
INFO: [AuditLog] Chain integrity verified. Entries: 2
]]></system-err>
  </testcase>
  <testcase name="testBuilderPattern_ScooterWithCriticalBattery" classname="com.smartmove.IntegrationTest" time="0.012">
    <system-err><![CDATA[Mar 18, 2026 12:18:02 AM com.smartmove.audit.AuditLog loadFromFile
INFO: [AuditLog] Loaded 14 entries from file.
Mar 18, 2026 12:18:02 AM com.smartmove.controller.SmartMoveCentralController <init>
INFO: [Controller] SmartMoveCentralController initialized.
Mar 18, 2026 12:18:02 AM com.smartmove.util.DataSeeder seed
INFO: [DataSeeder] Seeding initial data...
Mar 18, 2026 12:18:02 AM com.smartmove.util.DataSeeder seed
INFO: [DataSeeder] Seeded 13 vehicles and 5 users.
]]></system-err>
  </testcase>
  <testcase name="testLondonReservationWithCongestionCharge" classname="com.smartmove.IntegrationTest" time="0.015">
    <system-err><![CDATA[Mar 18, 2026 12:18:02 AM com.smartmove.audit.AuditLog loadFromFile
INFO: [AuditLog] Loaded 14 entries from file.
Mar 18, 2026 12:18:02 AM com.smartmove.controller.SmartMoveCentralController <init>
INFO: [Controller] SmartMoveCentralController initialized.
Mar 18, 2026 12:18:02 AM com.smartmove.util.DataSeeder seed
INFO: [DataSeeder] Seeding initial data...
Mar 18, 2026 12:18:02 AM com.smartmove.util.DataSeeder seed
INFO: [DataSeeder] Seeded 13 vehicles and 5 users.
Mar 18, 2026 12:18:02 AM com.smartmove.controller.SmartMoveCentralController reserveVehicle
INFO: [Controller] Vehicle LON-ES001 RESERVED by user Alice Johnson (rental R1001)
Mar 18, 2026 12:18:02 AM com.smartmove.policy.LondonPolicy beforeUnlock
INFO: [LondonPolicy] Pre-unlock check passed for vehicle LON-ES001
Mar 18, 2026 12:18:02 AM com.smartmove.controller.SmartMoveCentralController startRental
INFO: [Controller] Rental R1001 STARTED for vehicle LON-ES001 in London
Mar 18, 2026 12:18:02 AM com.smartmove.policy.LondonPolicy afterTrip
INFO: [LondonPolicy] Applying congestion charge: £3.50
Mar 18, 2026 12:18:02 AM com.smartmove.controller.SmartMoveCentralController endRental
INFO: [Controller] Rental R1001 ENDED. Total: €9.50 (base=6.00 + surcharge=3.50)
]]></system-err>
  </testcase>
  <testcase name="testMilanHelmetCheckForMoped" classname="com.smartmove.IntegrationTest" time="0.011">
    <system-err><![CDATA[Mar 18, 2026 12:18:02 AM com.smartmove.audit.AuditLog loadFromFile
INFO: [AuditLog] Loaded 18 entries from file.
Mar 18, 2026 12:18:02 AM com.smartmove.controller.SmartMoveCentralController <init>
INFO: [Controller] SmartMoveCentralController initialized.
Mar 18, 2026 12:18:02 AM com.smartmove.util.DataSeeder seed
INFO: [DataSeeder] Seeding initial data...
Mar 18, 2026 12:18:02 AM com.smartmove.util.DataSeeder seed
INFO: [DataSeeder] Seeded 13 vehicles and 5 users.
Mar 18, 2026 12:18:02 AM com.smartmove.controller.SmartMoveCentralController reserveVehicle
INFO: [Controller] Vehicle MIL-M001 RESERVED by user Carlos Rossi (rental R1001)
]]></system-err>
  </testcase>
  <testcase name="testBuilderPattern_TelemetryWithHelmet" classname="com.smartmove.IntegrationTest" time="0.009">
    <system-err><![CDATA[Mar 18, 2026 12:18:02 AM com.smartmove.audit.AuditLog loadFromFile
INFO: [AuditLog] Loaded 19 entries from file.
Mar 18, 2026 12:18:02 AM com.smartmove.controller.SmartMoveCentralController <init>
INFO: [Controller] SmartMoveCentralController initialized.
Mar 18, 2026 12:18:02 AM com.smartmove.util.DataSeeder seed
INFO: [DataSeeder] Seeding initial data...
Mar 18, 2026 12:18:02 AM com.smartmove.util.DataSeeder seed
INFO: [DataSeeder] Seeded 13 vehicles and 5 users.
]]></system-err>
  </testcase>
  <testcase name="testBuilderPattern_VehicleCreation" classname="com.smartmove.IntegrationTest" time="0.009">
    <system-err><![CDATA[Mar 18, 2026 12:18:02 AM com.smartmove.audit.AuditLog loadFromFile
INFO: [AuditLog] Loaded 19 entries from file.
Mar 18, 2026 12:18:02 AM com.smartmove.controller.SmartMoveCentralController <init>
INFO: [Controller] SmartMoveCentralController initialized.
Mar 18, 2026 12:18:02 AM com.smartmove.util.DataSeeder seed
INFO: [DataSeeder] Seeding initial data...
Mar 18, 2026 12:18:02 AM com.smartmove.util.DataSeeder seed
INFO: [DataSeeder] Seeded 13 vehicles and 5 users.
]]></system-err>
  </testcase>
  <testcase name="testConcurrentReservationPrevention" classname="com.smartmove.IntegrationTest" time="0.01">
    <system-err><![CDATA[Mar 18, 2026 12:18:02 AM com.smartmove.audit.AuditLog loadFromFile
INFO: [AuditLog] Loaded 19 entries from file.
Mar 18, 2026 12:18:02 AM com.smartmove.controller.SmartMoveCentralController <init>
INFO: [Controller] SmartMoveCentralController initialized.
Mar 18, 2026 12:18:02 AM com.smartmove.util.DataSeeder seed
INFO: [DataSeeder] Seeding initial data...
Mar 18, 2026 12:18:02 AM com.smartmove.util.DataSeeder seed
INFO: [DataSeeder] Seeded 13 vehicles and 5 users.
Mar 18, 2026 12:18:02 AM com.smartmove.controller.SmartMoveCentralController reserveVehicle
INFO: [Controller] Vehicle MIL-B001 RESERVED by user Elena Bianchi (rental R1001)
]]></system-err>
  </testcase>
  <testcase name="testBuilderPattern_OverrideDefaults" classname="com.smartmove.IntegrationTest" time="0.008">
    <system-err><![CDATA[Mar 18, 2026 12:18:02 AM com.smartmove.audit.AuditLog loadFromFile
INFO: [AuditLog] Loaded 20 entries from file.
Mar 18, 2026 12:18:02 AM com.smartmove.controller.SmartMoveCentralController <init>
INFO: [Controller] SmartMoveCentralController initialized.
Mar 18, 2026 12:18:02 AM com.smartmove.util.DataSeeder seed
INFO: [DataSeeder] Seeding initial data...
Mar 18, 2026 12:18:02 AM com.smartmove.util.DataSeeder seed
INFO: [DataSeeder] Seeded 13 vehicles and 5 users.
]]></system-err>
  </testcase>
  <testcase name="testRomeArchaeologicalZoneRestriction" classname="com.smartmove.IntegrationTest" time="0.012">
    <system-err><![CDATA[Mar 18, 2026 12:18:02 AM com.smartmove.audit.AuditLog loadFromFile
INFO: [AuditLog] Loaded 20 entries from file.
Mar 18, 2026 12:18:02 AM com.smartmove.controller.SmartMoveCentralController <init>
INFO: [Controller] SmartMoveCentralController initialized.
Mar 18, 2026 12:18:02 AM com.smartmove.util.DataSeeder seed
INFO: [DataSeeder] Seeding initial data...
Mar 18, 2026 12:18:02 AM com.smartmove.util.DataSeeder seed
INFO: [DataSeeder] Seeded 13 vehicles and 5 users.
Mar 18, 2026 12:18:02 AM com.smartmove.controller.SmartMoveCentralController reserveVehicle
INFO: [Controller] Vehicle ROM-ES001 RESERVED by user Bob Smith (rental R1001)
Mar 18, 2026 12:18:02 AM com.smartmove.policy.RomePolicy beforeUnlock
INFO: [RomePolicy] Pre-unlock check passed for vehicle ROM-ES001
Mar 18, 2026 12:18:02 AM com.smartmove.controller.SmartMoveCentralController startRental
INFO: [Controller] Rental R1001 STARTED for vehicle ROM-ES001 in Rome
Mar 18, 2026 12:18:02 AM com.smartmove.controller.SmartMoveCentralController lambda$checkGpsAllowed$21
SEVERE: [Controller] GPS violation for ROM-ES001: Rome policy: Vehicle ROM-ES001 is entering restricted ZTL zone ROME_ZTL_CENTRO
Mar 18, 2026 12:18:02 AM com.smartmove.controller.SmartMoveCentralController triggerEmergencyLock
SEVERE: [Controller] EMERGENCY LOCK: vehicle=ROM-ES001 reason=GPS restriction violation: Rome policy: Vehicle ROM-ES001 is entering restricted ZTL zone ROME_ZTL_CENTRO
]]></system-err>
  </testcase>
  <testcase name="testBuilderPattern_ValidationErrors" classname="com.smartmove.IntegrationTest" time="0.008">
    <system-err><![CDATA[Mar 18, 2026 12:18:02 AM com.smartmove.audit.AuditLog loadFromFile
INFO: [AuditLog] Loaded 23 entries from file.
Mar 18, 2026 12:18:02 AM com.smartmove.controller.SmartMoveCentralController <init>
INFO: [Controller] SmartMoveCentralController initialized.
Mar 18, 2026 12:18:02 AM com.smartmove.util.DataSeeder seed
INFO: [DataSeeder] Seeding initial data...
Mar 18, 2026 12:18:02 AM com.smartmove.util.DataSeeder seed
INFO: [DataSeeder] Seeded 13 vehicles and 5 users.
]]></system-err>
  </testcase>
  <testcase name="testBuilderPattern_MopedWithHelmet" classname="com.smartmove.IntegrationTest" time="0.009">
    <system-err><![CDATA[Mar 18, 2026 12:18:02 AM com.smartmove.audit.AuditLog loadFromFile
INFO: [AuditLog] Loaded 23 entries from file.
Mar 18, 2026 12:18:02 AM com.smartmove.controller.SmartMoveCentralController <init>
INFO: [Controller] SmartMoveCentralController initialized.
Mar 18, 2026 12:18:02 AM com.smartmove.util.DataSeeder seed
INFO: [DataSeeder] Seeding initial data...
Mar 18, 2026 12:18:02 AM com.smartmove.util.DataSeeder seed
INFO: [DataSeeder] Seeded 13 vehicles and 5 users.
]]></system-err>
  </testcase>
  <testcase name="testBuilderPattern_TelemetryData" classname="com.smartmove.IntegrationTest" time="0.009">
    <system-err><![CDATA[Mar 18, 2026 12:18:02 AM com.smartmove.audit.AuditLog loadFromFile
INFO: [AuditLog] Loaded 23 entries from file.
Mar 18, 2026 12:18:02 AM com.smartmove.controller.SmartMoveCentralController <init>
INFO: [Controller] SmartMoveCentralController initialized.
Mar 18, 2026 12:18:02 AM com.smartmove.util.DataSeeder seed
INFO: [DataSeeder] Seeding initial data...
Mar 18, 2026 12:18:02 AM com.smartmove.util.DataSeeder seed
INFO: [DataSeeder] Seeded 13 vehicles and 5 users.
]]></system-err>
  </testcase>
  <testcase name="testBuilderPattern_DifferentVehicleTypes" classname="com.smartmove.IntegrationTest" time="0.008">
    <system-err><![CDATA[Mar 18, 2026 12:18:02 AM com.smartmove.audit.AuditLog loadFromFile
INFO: [AuditLog] Loaded 23 entries from file.
Mar 18, 2026 12:18:02 AM com.smartmove.controller.SmartMoveCentralController <init>
INFO: [Controller] SmartMoveCentralController initialized.
Mar 18, 2026 12:18:02 AM com.smartmove.util.DataSeeder seed
INFO: [DataSeeder] Seeding initial data...
Mar 18, 2026 12:18:02 AM com.smartmove.util.DataSeeder seed
INFO: [DataSeeder] Seeded 13 vehicles and 5 users.
]]></system-err>
  </testcase>
</testsuite>