<?xml version="1.0" encoding="UTF-8"?>
<testsuite xmlns:xsi="http://www.w3.org/2001/XMLSchema-instance" xsi:noNamespaceSchemaLocation="https://maven.apache.org/surefire/maven-surefire-plugin/xsd/surefire-test-report-3.0.xsd" version="3.0" name="com.smartmove.RefactoringTest" time="0.083" tests="43" errors="0" skipped="0" failures="0">
  <properties>
[...]
</properties>
  <testcase name="testTelemetryData_IsWarning" classname="com.smartmove.RefactoringTest" time="0"/>
  <testcase name="testVehicleFactory_CreateBicycle" classname="com.smartmove.RefactoringTest" time="0.003"/>
  <testcase name="testGeoCoordinate_ParseInvalid" classname="com.smartmove.RefactoringTest" time="0.001"/>
  <testcase name="testOperationResult_Failure" classname="com.smartmove.RefactoringTest" time="0.001"/>
  <testcase name="testDomainValidator_Amount" classname="com.smartmove.RefactoringTest" time="0.001"/>
  <testcase name="testVehicleFactory_CreateMoped" classname="com.smartmove.RefactoringTest" time="0.001"/>
  <testcase name="testSystemConfiguration_DefaultValues" classname="com.smartmove.RefactoringTest" time="0.001"/>
  <testcase name="testSystemConfiguration_Validation" classname="com.smartmove.RefactoringTest" time="0.001"/>
  <testcase name="testTelemetryDataFactory_Create" classname="com.smartmove.RefactoringTest" time="0.002"/>
  <testcase name="testVehicleFactory_ValidationErrors" classname="com.smartmove.RefactoringTest" time="0.002"/>
  <testcase name="testSystemConfiguration_SettersWithValidation" classname="com.smartmove.RefactoringTest" time="0.001"/>
  <testcase name="testOperationResult_GetValueFromFailure" classname="com.smartmove.RefactoringTest" time="0.001"/>
  <testcase name="testDomainValidator_Battery" classname="com.smartmove.RefactoringTest" time="0.001"/>
  <testcase name="testTestConstants_UserIds" classname="com.smartmove.RefactoringTest" time="0.002"/>
  <testcase name="testGeoCoordinate_EqualsAndHashCode" classname="com.smartmove.RefactoringTest" time="0.003"/>
  <testcase name="testVehicleRepository_PutAndFind" classname="com.smartmove.RefactoringTest" time="0.002"/>
  <testcase name="testVehicleRepository_FindByCity" classname="com.smartmove.RefactoringTest" time="0.002"/>
  <testcase name="testDomainValidator_RequireNonNull" classname="com.smartmove.RefactoringTest" time="0.008"/>
  <testcase name="testGeoCoordinate_Parse" classname="com.smartmove.RefactoringTest" time="0"/>
  <testcase name="testEventBus_GetSubscriberCount" classname="com.smartmove.RefactoringTest" time="0.003"/>
  <testcase name="testRentalRepository_FindActive" classname="com.smartmove.RefactoringTest" time="0.004"/>
  <testcase name="testOperationResult_Map" classname="com.smartmove.RefactoringTest" time="0.002"/>
  <testcase name="testTelemetryData_IsCritical" classname="com.smartmove.RefactoringTest" time="0.001"/>
  <testcase name="testEventBus_Singleton" classname="com.smartmove.RefactoringTest" time="0.001"/>
  <testcase name="testVehicleFactory_CreateScooter" classname="com.smartmove.RefactoringTest" time="0"/>
  <testcase name="testGeoCoordinate_DistanceTo" classname="com.smartmove.RefactoringTest" time="0.002"/>
  <testcase name="testDomainValidator_Temperature" classname="com.smartmove.RefactoringTest" time="0.003"/>
  <testcase name="testDomainEntityFactory_CreateCity" classname="com.smartmove.RefactoringTest" time="0.002"/>
  <testcase name="testDomainEntityFactory_CreateUser" classname="com.smartmove.RefactoringTest" time="0.001"/>
  <testcase name="testDomainEntityFactory_CreateZone" classname="com.smartmove.RefactoringTest" time="0"/>
  <testcase name="testUserRepository_PutAndFind" classname="com.smartmove.RefactoringTest" time="0.002"/>
  <testcase name="testEventBus_MultipleSubscribers" classname="com.smartmove.RefactoringTest" time="0.003"/>
  <testcase name="testDomainValidator_VehicleId" classname="com.smartmove.RefactoringTest" time="0.001"/>
  <testcase name="testEventBus_Unsubscribe" classname="com.smartmove.RefactoringTest" time="0.002"/>
  <testcase name="testSystemConfiguration_Singleton" classname="com.smartmove.RefactoringTest" time="0.001"/>
  <testcase name="testTestConstants_VehicleIds" classname="com.smartmove.RefactoringTest" time="0.001"/>
  <testcase name="testOperationResult_GetValueOrDefault" classname="com.smartmove.RefactoringTest" time="0"/>
  <testcase name="testOperationResult_Success" classname="com.smartmove.RefactoringTest" time="0.001"/>
  <testcase name="testTelemetryDataFactory_CreateNow" classname="com.smartmove.RefactoringTest" time="0"/>
  <testcase name="testSmartMoveConstants_AllValuesPresent" classname="com.smartmove.RefactoringTest" time="0"/>
  <testcase name="testDomainValidator_Coordinate" classname="com.smartmove.RefactoringTest" time="0.002"/>
  <testcase name="testEventBus_SubscribeAndPublish" classname="com.smartmove.RefactoringTest" time="0"/>
  <testcase name="testVehicleFactory_InvalidType" classname="com.smartmove.RefactoringTest" time="0"/>
</testsuite>